[0.024s] Invoking command in '/home/samuel/Desktop/ESDA-Asterius-Mk2-ROS2-Control/ros2_ws/build/ros2_control_demo_example_11': CMAKE_PREFIX_PATH=/home/samuel/Desktop/ESDA-Asterius-Mk2-ROS2-Control/ros2_ws/install/ros2_control_demo_description:/home/samuel/Desktop/ESDA-Asterius-Mk2-ROS2-Control/ros2_ws/install/ros2_control_demos:/home/samuel/Desktop/ESDA-Asterius-Mk2-ROS2-Control/ros2_ws/install/ros2_control_demo_example_9:/home/samuel/Desktop/ESDA-Asterius-Mk2-ROS2-Control/ros2_ws/install/ros2_control_demo_example_8:/home/samuel/Desktop/ESDA-Asterius-Mk2-ROS2-Control/ros2_ws/install/ros2_control_demo_example_7:/home/samuel/Desktop/ESDA-Asterius-Mk2-ROS2-Control/ros2_ws/install/ros2_control_demo_example_6:/home/samuel/Desktop/ESDA-Asterius-Mk2-ROS2-Control/ros2_ws/install/ros2_control_demo_example_15:/home/samuel/Desktop/ESDA-Asterius-Mk2-ROS2-Control/ros2_ws/install/ros2_control_demo_example_13:/home/samuel/Desktop/ESDA-Asterius-Mk2-ROS2-Control/ros2_ws/install/ros2_control_demo_example_5:/home/samuel/Desktop/ESDA-Asterius-Mk2-ROS2-Control/ros2_ws/install/ros2_control_demo_example_4:/home/samuel/Desktop/ESDA-Asterius-Mk2-ROS2-Control/ros2_ws/install/ros2_control_demo_example_3:/home/samuel/Desktop/ESDA-Asterius-Mk2-ROS2-Control/ros2_ws/install/ros2_control_demo_example_2:/home/samuel/Desktop/ESDA-Asterius-Mk2-ROS2-Control/ros2_ws/install/ros2_control_demo_example_14:/home/samuel/Desktop/ESDA-Asterius-Mk2-ROS2-Control/ros2_ws/install/ros2_control_demo_example_12:/home/samuel/Desktop/ESDA-Asterius-Mk2-ROS2-Control/ros2_ws/install/ros2_control_demo_example_11:/home/samuel/Desktop/ESDA-Asterius-Mk2-ROS2-Control/ros2_ws/install/ros2_control_demo_example_10:/home/samuel/Desktop/ESDA-Asterius-Mk2-ROS2-Control/ros2_ws/install/ros2_control_demo_example_1:/opt/ros/humble /usr/bin/cmake /home/samuel/Desktop/ESDA-Asterius-Mk2-ROS2-Control/ros2_ws/src/ros2_control_demos/example_11 -DCMAKE_INSTALL_PREFIX=/home/samuel/Desktop/ESDA-Asterius-Mk2-ROS2-Control/ros2_ws/install/ros2_control_demo_example_11
[0.067s] -- The CXX compiler identification is GNU 11.4.0
[0.074s] -- Detecting CXX compiler ABI info
[0.139s] -- Detecting CXX compiler ABI info - done
[0.147s] -- Check for working CXX compiler: /usr/bin/c++ - skipped
[0.147s] -- Detecting CXX compile features
[0.147s] -- Detecting CXX compile features - done
[0.151s] -- Found ament_cmake: 1.3.11 (/opt/ros/humble/share/ament_cmake/cmake)
[0.267s] -- Found Python3: /usr/bin/python3 (found version "3.10.12") found components: Interpreter 
[0.341s] -- Found hardware_interface: 2.50.0 (/opt/ros/humble/share/hardware_interface/cmake)
[0.380s] -- Found rosidl_generator_c: 3.1.6 (/opt/ros/humble/share/rosidl_generator_c/cmake)
[0.386s] -- Found rosidl_adapter: 3.1.6 (/opt/ros/humble/share/rosidl_adapter/cmake)
[0.394s] -- Found rosidl_generator_cpp: 3.1.6 (/opt/ros/humble/share/rosidl_generator_cpp/cmake)
[0.407s] -- Using all available rosidl_typesupport_c: rosidl_typesupport_fastrtps_c;rosidl_typesupport_introspection_c
[0.425s] -- Using all available rosidl_typesupport_cpp: rosidl_typesupport_fastrtps_cpp;rosidl_typesupport_introspection_cpp
[0.635s] -- Found rmw_implementation_cmake: 6.1.2 (/opt/ros/humble/share/rmw_implementation_cmake/cmake)
[0.639s] -- Found rmw_fastrtps_cpp: 6.2.7 (/opt/ros/humble/share/rmw_fastrtps_cpp/cmake)
[0.665s] -- Found TinyXML2 via Config file: TinyXML2_DIR-NOTFOUND
[0.711s] -- Found OpenSSL: /usr/lib/x86_64-linux-gnu/libcrypto.so (found version "3.0.2")  
[0.714s] -- Found TinyXML2 via Config file: TinyXML2_DIR-NOTFOUND
[0.730s] -- Found FastRTPS: /opt/ros/humble/include  
[0.734s] -- Found TinyXML2 via Config file: TinyXML2_DIR-NOTFOUND
[0.742s] -- Found TinyXML2 via Config file: TinyXML2_DIR-NOTFOUND
[0.751s] -- Using RMW implementation 'rmw_fastrtps_cpp' as default
[0.756s] -- Looking for C++ include pthread.h
[0.837s] -- Looking for C++ include pthread.h - found
[0.837s] -- Performing Test CMAKE_HAVE_LIBC_PTHREAD
[0.917s] -- Performing Test CMAKE_HAVE_LIBC_PTHREAD - Success
[0.918s] -- Found Threads: TRUE  
[0.962s] -- Found ament_cmake_pytest: 1.3.11 (/opt/ros/humble/share/ament_cmake_pytest/cmake)
[2.198s] -- Configuring done
[2.225s] -- Generating done
[2.231s] -- Build files have been written to: /home/samuel/Desktop/ESDA-Asterius-Mk2-ROS2-Control/ros2_ws/build/ros2_control_demo_example_11
[2.241s] Invoked command in '/home/samuel/Desktop/ESDA-Asterius-Mk2-ROS2-Control/ros2_ws/build/ros2_control_demo_example_11' returned '0': CMAKE_PREFIX_PATH=/home/samuel/Desktop/ESDA-Asterius-Mk2-ROS2-Control/ros2_ws/install/ros2_control_demo_description:/home/samuel/Desktop/ESDA-Asterius-Mk2-ROS2-Control/ros2_ws/install/ros2_control_demos:/home/samuel/Desktop/ESDA-Asterius-Mk2-ROS2-Control/ros2_ws/install/ros2_control_demo_example_9:/home/samuel/Desktop/ESDA-Asterius-Mk2-ROS2-Control/ros2_ws/install/ros2_control_demo_example_8:/home/samuel/Desktop/ESDA-Asterius-Mk2-ROS2-Control/ros2_ws/install/ros2_control_demo_example_7:/home/samuel/Desktop/ESDA-Asterius-Mk2-ROS2-Control/ros2_ws/install/ros2_control_demo_example_6:/home/samuel/Desktop/ESDA-Asterius-Mk2-ROS2-Control/ros2_ws/install/ros2_control_demo_example_15:/home/samuel/Desktop/ESDA-Asterius-Mk2-ROS2-Control/ros2_ws/install/ros2_control_demo_example_13:/home/samuel/Desktop/ESDA-Asterius-Mk2-ROS2-Control/ros2_ws/install/ros2_control_demo_example_5:/home/samuel/Desktop/ESDA-Asterius-Mk2-ROS2-Control/ros2_ws/install/ros2_control_demo_example_4:/home/samuel/Desktop/ESDA-Asterius-Mk2-ROS2-Control/ros2_ws/install/ros2_control_demo_example_3:/home/samuel/Desktop/ESDA-Asterius-Mk2-ROS2-Control/ros2_ws/install/ros2_control_demo_example_2:/home/samuel/Desktop/ESDA-Asterius-Mk2-ROS2-Control/ros2_ws/install/ros2_control_demo_example_14:/home/samuel/Desktop/ESDA-Asterius-Mk2-ROS2-Control/ros2_ws/install/ros2_control_demo_example_12:/home/samuel/Desktop/ESDA-Asterius-Mk2-ROS2-Control/ros2_ws/install/ros2_control_demo_example_11:/home/samuel/Desktop/ESDA-Asterius-Mk2-ROS2-Control/ros2_ws/install/ros2_control_demo_example_10:/home/samuel/Desktop/ESDA-Asterius-Mk2-ROS2-Control/ros2_ws/install/ros2_control_demo_example_1:/opt/ros/humble /usr/bin/cmake /home/samuel/Desktop/ESDA-Asterius-Mk2-ROS2-Control/ros2_ws/src/ros2_control_demos/example_11 -DCMAKE_INSTALL_PREFIX=/home/samuel/Desktop/ESDA-Asterius-Mk2-ROS2-Control/ros2_ws/install/ros2_control_demo_example_11
[2.242s] Invoking command in '/home/samuel/Desktop/ESDA-Asterius-Mk2-ROS2-Control/ros2_ws/build/ros2_control_demo_example_11': CMAKE_PREFIX_PATH=/home/samuel/Desktop/ESDA-Asterius-Mk2-ROS2-Control/ros2_ws/install/ros2_control_demo_description:/home/samuel/Desktop/ESDA-Asterius-Mk2-ROS2-Control/ros2_ws/install/ros2_control_demos:/home/samuel/Desktop/ESDA-Asterius-Mk2-ROS2-Control/ros2_ws/install/ros2_control_demo_example_9:/home/samuel/Desktop/ESDA-Asterius-Mk2-ROS2-Control/ros2_ws/install/ros2_control_demo_example_8:/home/samuel/Desktop/ESDA-Asterius-Mk2-ROS2-Control/ros2_ws/install/ros2_control_demo_example_7:/home/samuel/Desktop/ESDA-Asterius-Mk2-ROS2-Control/ros2_ws/install/ros2_control_demo_example_6:/home/samuel/Desktop/ESDA-Asterius-Mk2-ROS2-Control/ros2_ws/install/ros2_control_demo_example_15:/home/samuel/Desktop/ESDA-Asterius-Mk2-ROS2-Control/ros2_ws/install/ros2_control_demo_example_13:/home/samuel/Desktop/ESDA-Asterius-Mk2-ROS2-Control/ros2_ws/install/ros2_control_demo_example_5:/home/samuel/Desktop/ESDA-Asterius-Mk2-ROS2-Control/ros2_ws/install/ros2_control_demo_example_4:/home/samuel/Desktop/ESDA-Asterius-Mk2-ROS2-Control/ros2_ws/install/ros2_control_demo_example_3:/home/samuel/Desktop/ESDA-Asterius-Mk2-ROS2-Control/ros2_ws/install/ros2_control_demo_example_2:/home/samuel/Desktop/ESDA-Asterius-Mk2-ROS2-Control/ros2_ws/install/ros2_control_demo_example_14:/home/samuel/Desktop/ESDA-Asterius-Mk2-ROS2-Control/ros2_ws/install/ros2_control_demo_example_12:/home/samuel/Desktop/ESDA-Asterius-Mk2-ROS2-Control/ros2_ws/install/ros2_control_demo_example_11:/home/samuel/Desktop/ESDA-Asterius-Mk2-ROS2-Control/ros2_ws/install/ros2_control_demo_example_10:/home/samuel/Desktop/ESDA-Asterius-Mk2-ROS2-Control/ros2_ws/install/ros2_control_demo_example_1:/opt/ros/humble /usr/bin/cmake --build /home/samuel/Desktop/ESDA-Asterius-Mk2-ROS2-Control/ros2_ws/build/ros2_control_demo_example_11 -- -j20 -l20
[2.306s] [ 50%] [32mBuilding CXX object CMakeFiles/ros2_control_demo_example_11.dir/hardware/carlikebot_system.cpp.o[0m
[5.889s] [100%] [32m[1mLinking CXX shared library libros2_control_demo_example_11.so[0m
[6.061s] [100%] Built target ros2_control_demo_example_11
[6.072s] Invoked command in '/home/samuel/Desktop/ESDA-Asterius-Mk2-ROS2-Control/ros2_ws/build/ros2_control_demo_example_11' returned '0': CMAKE_PREFIX_PATH=/home/samuel/Desktop/ESDA-Asterius-Mk2-ROS2-Control/ros2_ws/install/ros2_control_demo_description:/home/samuel/Desktop/ESDA-Asterius-Mk2-ROS2-Control/ros2_ws/install/ros2_control_demos:/home/samuel/Desktop/ESDA-Asterius-Mk2-ROS2-Control/ros2_ws/install/ros2_control_demo_example_9:/home/samuel/Desktop/ESDA-Asterius-Mk2-ROS2-Control/ros2_ws/install/ros2_control_demo_example_8:/home/samuel/Desktop/ESDA-Asterius-Mk2-ROS2-Control/ros2_ws/install/ros2_control_demo_example_7:/home/samuel/Desktop/ESDA-Asterius-Mk2-ROS2-Control/ros2_ws/install/ros2_control_demo_example_6:/home/samuel/Desktop/ESDA-Asterius-Mk2-ROS2-Control/ros2_ws/install/ros2_control_demo_example_15:/home/samuel/Desktop/ESDA-Asterius-Mk2-ROS2-Control/ros2_ws/install/ros2_control_demo_example_13:/home/samuel/Desktop/ESDA-Asterius-Mk2-ROS2-Control/ros2_ws/install/ros2_control_demo_example_5:/home/samuel/Desktop/ESDA-Asterius-Mk2-ROS2-Control/ros2_ws/install/ros2_control_demo_example_4:/home/samuel/Desktop/ESDA-Asterius-Mk2-ROS2-Control/ros2_ws/install/ros2_control_demo_example_3:/home/samuel/Desktop/ESDA-Asterius-Mk2-ROS2-Control/ros2_ws/install/ros2_control_demo_example_2:/home/samuel/Desktop/ESDA-Asterius-Mk2-ROS2-Control/ros2_ws/install/ros2_control_demo_example_14:/home/samuel/Desktop/ESDA-Asterius-Mk2-ROS2-Control/ros2_ws/install/ros2_control_demo_example_12:/home/samuel/Desktop/ESDA-Asterius-Mk2-ROS2-Control/ros2_ws/install/ros2_control_demo_example_11:/home/samuel/Desktop/ESDA-Asterius-Mk2-ROS2-Control/ros2_ws/install/ros2_control_demo_example_10:/home/samuel/Desktop/ESDA-Asterius-Mk2-ROS2-Control/ros2_ws/install/ros2_control_demo_example_1:/opt/ros/humble /usr/bin/cmake --build /home/samuel/Desktop/ESDA-Asterius-Mk2-ROS2-Control/ros2_ws/build/ros2_control_demo_example_11 -- -j20 -l20
[6.073s] Invoking command in '/home/samuel/Desktop/ESDA-Asterius-Mk2-ROS2-Control/ros2_ws/build/ros2_control_demo_example_11': CMAKE_PREFIX_PATH=/home/samuel/Desktop/ESDA-Asterius-Mk2-ROS2-Control/ros2_ws/install/ros2_control_demo_description:/home/samuel/Desktop/ESDA-Asterius-Mk2-ROS2-Control/ros2_ws/install/ros2_control_demos:/home/samuel/Desktop/ESDA-Asterius-Mk2-ROS2-Control/ros2_ws/install/ros2_control_demo_example_9:/home/samuel/Desktop/ESDA-Asterius-Mk2-ROS2-Control/ros2_ws/install/ros2_control_demo_example_8:/home/samuel/Desktop/ESDA-Asterius-Mk2-ROS2-Control/ros2_ws/install/ros2_control_demo_example_7:/home/samuel/Desktop/ESDA-Asterius-Mk2-ROS2-Control/ros2_ws/install/ros2_control_demo_example_6:/home/samuel/Desktop/ESDA-Asterius-Mk2-ROS2-Control/ros2_ws/install/ros2_control_demo_example_15:/home/samuel/Desktop/ESDA-Asterius-Mk2-ROS2-Control/ros2_ws/install/ros2_control_demo_example_13:/home/samuel/Desktop/ESDA-Asterius-Mk2-ROS2-Control/ros2_ws/install/ros2_control_demo_example_5:/home/samuel/Desktop/ESDA-Asterius-Mk2-ROS2-Control/ros2_ws/install/ros2_control_demo_example_4:/home/samuel/Desktop/ESDA-Asterius-Mk2-ROS2-Control/ros2_ws/install/ros2_control_demo_example_3:/home/samuel/Desktop/ESDA-Asterius-Mk2-ROS2-Control/ros2_ws/install/ros2_control_demo_example_2:/home/samuel/Desktop/ESDA-Asterius-Mk2-ROS2-Control/ros2_ws/install/ros2_control_demo_example_14:/home/samuel/Desktop/ESDA-Asterius-Mk2-ROS2-Control/ros2_ws/install/ros2_control_demo_example_12:/home/samuel/Desktop/ESDA-Asterius-Mk2-ROS2-Control/ros2_ws/install/ros2_control_demo_example_11:/home/samuel/Desktop/ESDA-Asterius-Mk2-ROS2-Control/ros2_ws/install/ros2_control_demo_example_10:/home/samuel/Desktop/ESDA-Asterius-Mk2-ROS2-Control/ros2_ws/install/ros2_control_demo_example_1:/opt/ros/humble /usr/bin/cmake --install /home/samuel/Desktop/ESDA-Asterius-Mk2-ROS2-Control/ros2_ws/build/ros2_control_demo_example_11
[6.079s] -- Install configuration: ""
[6.079s] -- Installing: /home/samuel/Desktop/ESDA-Asterius-Mk2-ROS2-Control/ros2_ws/install/ros2_control_demo_example_11/share/ros2_control_demo_example_11/ros2_control_demo_example_11.xml
[6.079s] -- Installing: /home/samuel/Desktop/ESDA-Asterius-Mk2-ROS2-Control/ros2_ws/install/ros2_control_demo_example_11/include/ros2_control_demo_example_11
[6.079s] -- Installing: /home/samuel/Desktop/ESDA-Asterius-Mk2-ROS2-Control/ros2_ws/install/ros2_control_demo_example_11/include/ros2_control_demo_example_11/ros2_control_demo_example_11
[6.080s] -- Installing: /home/samuel/Desktop/ESDA-Asterius-Mk2-ROS2-Control/ros2_ws/install/ros2_control_demo_example_11/include/ros2_control_demo_example_11/ros2_control_demo_example_11/carlikebot_system.hpp
[6.080s] -- Installing: /home/samuel/Desktop/ESDA-Asterius-Mk2-ROS2-Control/ros2_ws/install/ros2_control_demo_example_11/share/ros2_control_demo_example_11/launch
[6.080s] -- Installing: /home/samuel/Desktop/ESDA-Asterius-Mk2-ROS2-Control/ros2_ws/install/ros2_control_demo_example_11/share/ros2_control_demo_example_11/launch/view_robot.launch.py
[6.080s] -- Installing: /home/samuel/Desktop/ESDA-Asterius-Mk2-ROS2-Control/ros2_ws/install/ros2_control_demo_example_11/share/ros2_control_demo_example_11/ros2_control
[6.080s] -- Installing: /home/samuel/Desktop/ESDA-Asterius-Mk2-ROS2-Control/ros2_ws/install/ros2_control_demo_example_11/share/ros2_control_demo_example_11/ros2_control/carlikebot.ros2_control.xacro
[6.080s] -- Installing: /home/samuel/Desktop/ESDA-Asterius-Mk2-ROS2-Control/ros2_ws/install/ros2_control_demo_example_11/share/ros2_control_demo_example_11/urdf
[6.080s] -- Installing: /home/samuel/Desktop/ESDA-Asterius-Mk2-ROS2-Control/ros2_ws/install/ros2_control_demo_example_11/share/ros2_control_demo_example_11/urdf/carlikebot.urdf.xacro
[6.080s] -- Up-to-date: /home/samuel/Desktop/ESDA-Asterius-Mk2-ROS2-Control/ros2_ws/install/ros2_control_demo_example_11/share/ros2_control_demo_example_11/launch
[6.080s] -- Installing: /home/samuel/Desktop/ESDA-Asterius-Mk2-ROS2-Control/ros2_ws/install/ros2_control_demo_example_11/share/ros2_control_demo_example_11/launch/carlikebot.launch.py
[6.080s] -- Installing: /home/samuel/Desktop/ESDA-Asterius-Mk2-ROS2-Control/ros2_ws/install/ros2_control_demo_example_11/share/ros2_control_demo_example_11/config
[6.081s] -- Installing: /home/samuel/Desktop/ESDA-Asterius-Mk2-ROS2-Control/ros2_ws/install/ros2_control_demo_example_11/share/ros2_control_demo_example_11/config/carlikebot_controllers.yaml
[6.081s] -- Installing: /home/samuel/Desktop/ESDA-Asterius-Mk2-ROS2-Control/ros2_ws/install/ros2_control_demo_example_11/lib/libros2_control_demo_example_11.so
[6.081s] -- Set runtime path of "/home/samuel/Desktop/ESDA-Asterius-Mk2-ROS2-Control/ros2_ws/install/ros2_control_demo_example_11/lib/libros2_control_demo_example_11.so" to ""
[6.081s] -- Installing: /home/samuel/Desktop/ESDA-Asterius-Mk2-ROS2-Control/ros2_ws/install/ros2_control_demo_example_11/share/ros2_control_demo_example_11/environment/library_path.sh
[6.081s] -- Installing: /home/samuel/Desktop/ESDA-Asterius-Mk2-ROS2-Control/ros2_ws/install/ros2_control_demo_example_11/share/ros2_control_demo_example_11/environment/library_path.dsv
[6.081s] -- Installing: /home/samuel/Desktop/ESDA-Asterius-Mk2-ROS2-Control/ros2_ws/install/ros2_control_demo_example_11/share/ament_index/resource_index/package_run_dependencies/ros2_control_demo_example_11
[6.081s] -- Installing: /home/samuel/Desktop/ESDA-Asterius-Mk2-ROS2-Control/ros2_ws/install/ros2_control_demo_example_11/share/ament_index/resource_index/parent_prefix_path/ros2_control_demo_example_11
[6.081s] -- Installing: /home/samuel/Desktop/ESDA-Asterius-Mk2-ROS2-Control/ros2_ws/install/ros2_control_demo_example_11/share/ros2_control_demo_example_11/environment/ament_prefix_path.sh
[6.081s] -- Installing: /home/samuel/Desktop/ESDA-Asterius-Mk2-ROS2-Control/ros2_ws/install/ros2_control_demo_example_11/share/ros2_control_demo_example_11/environment/ament_prefix_path.dsv
[6.081s] -- Installing: /home/samuel/Desktop/ESDA-Asterius-Mk2-ROS2-Control/ros2_ws/install/ros2_control_demo_example_11/share/ros2_control_demo_example_11/environment/path.sh
[6.082s] -- Installing: /home/samuel/Desktop/ESDA-Asterius-Mk2-ROS2-Control/ros2_ws/install/ros2_control_demo_example_11/share/ros2_control_demo_example_11/environment/path.dsv
[6.082s] -- Installing: /home/samuel/Desktop/ESDA-Asterius-Mk2-ROS2-Control/ros2_ws/install/ros2_control_demo_example_11/share/ros2_control_demo_example_11/local_setup.bash
[6.082s] -- Installing: /home/samuel/Desktop/ESDA-Asterius-Mk2-ROS2-Control/ros2_ws/install/ros2_control_demo_example_11/share/ros2_control_demo_example_11/local_setup.sh
[6.082s] -- Installing: /home/samuel/Desktop/ESDA-Asterius-Mk2-ROS2-Control/ros2_ws/install/ros2_control_demo_example_11/share/ros2_control_demo_example_11/local_setup.zsh
[6.082s] -- Installing: /home/samuel/Desktop/ESDA-Asterius-Mk2-ROS2-Control/ros2_ws/install/ros2_control_demo_example_11/share/ros2_control_demo_example_11/local_setup.dsv
[6.082s] -- Installing: /home/samuel/Desktop/ESDA-Asterius-Mk2-ROS2-Control/ros2_ws/install/ros2_control_demo_example_11/share/ros2_control_demo_example_11/package.dsv
[6.082s] -- Installing: /home/samuel/Desktop/ESDA-Asterius-Mk2-ROS2-Control/ros2_ws/install/ros2_control_demo_example_11/share/ament_index/resource_index/packages/ros2_control_demo_example_11
[6.082s] -- Installing: /home/samuel/Desktop/ESDA-Asterius-Mk2-ROS2-Control/ros2_ws/install/ros2_control_demo_example_11/share/ament_index/resource_index/hardware_interface__pluginlib__plugin/ros2_control_demo_example_11
[6.082s] -- Installing: /home/samuel/Desktop/ESDA-Asterius-Mk2-ROS2-Control/ros2_ws/install/ros2_control_demo_example_11/share/ros2_control_demo_example_11/cmake/export_ros2_control_demo_example_11Export.cmake
[6.082s] -- Installing: /home/samuel/Desktop/ESDA-Asterius-Mk2-ROS2-Control/ros2_ws/install/ros2_control_demo_example_11/share/ros2_control_demo_example_11/cmake/export_ros2_control_demo_example_11Export-noconfig.cmake
[6.082s] -- Installing: /home/samuel/Desktop/ESDA-Asterius-Mk2-ROS2-Control/ros2_ws/install/ros2_control_demo_example_11/share/ros2_control_demo_example_11/cmake/ament_cmake_export_targets-extras.cmake
[6.082s] -- Installing: /home/samuel/Desktop/ESDA-Asterius-Mk2-ROS2-Control/ros2_ws/install/ros2_control_demo_example_11/share/ros2_control_demo_example_11/cmake/ament_cmake_export_dependencies-extras.cmake
[6.083s] -- Installing: /home/samuel/Desktop/ESDA-Asterius-Mk2-ROS2-Control/ros2_ws/install/ros2_control_demo_example_11/share/ros2_control_demo_example_11/cmake/ros2_control_demo_example_11Config.cmake
[6.083s] -- Installing: /home/samuel/Desktop/ESDA-Asterius-Mk2-ROS2-Control/ros2_ws/install/ros2_control_demo_example_11/share/ros2_control_demo_example_11/cmake/ros2_control_demo_example_11Config-version.cmake
[6.083s] -- Installing: /home/samuel/Desktop/ESDA-Asterius-Mk2-ROS2-Control/ros2_ws/install/ros2_control_demo_example_11/share/ros2_control_demo_example_11/package.xml
[6.084s] Invoked command in '/home/samuel/Desktop/ESDA-Asterius-Mk2-ROS2-Control/ros2_ws/build/ros2_control_demo_example_11' returned '0': CMAKE_PREFIX_PATH=/home/samuel/Desktop/ESDA-Asterius-Mk2-ROS2-Control/ros2_ws/install/ros2_control_demo_description:/home/samuel/Desktop/ESDA-Asterius-Mk2-ROS2-Control/ros2_ws/install/ros2_control_demos:/home/samuel/Desktop/ESDA-Asterius-Mk2-ROS2-Control/ros2_ws/install/ros2_control_demo_example_9:/home/samuel/Desktop/ESDA-Asterius-Mk2-ROS2-Control/ros2_ws/install/ros2_control_demo_example_8:/home/samuel/Desktop/ESDA-Asterius-Mk2-ROS2-Control/ros2_ws/install/ros2_control_demo_example_7:/home/samuel/Desktop/ESDA-Asterius-Mk2-ROS2-Control/ros2_ws/install/ros2_control_demo_example_6:/home/samuel/Desktop/ESDA-Asterius-Mk2-ROS2-Control/ros2_ws/install/ros2_control_demo_example_15:/home/samuel/Desktop/ESDA-Asterius-Mk2-ROS2-Control/ros2_ws/install/ros2_control_demo_example_13:/home/samuel/Desktop/ESDA-Asterius-Mk2-ROS2-Control/ros2_ws/install/ros2_control_demo_example_5:/home/samuel/Desktop/ESDA-Asterius-Mk2-ROS2-Control/ros2_ws/install/ros2_control_demo_example_4:/home/samuel/Desktop/ESDA-Asterius-Mk2-ROS2-Control/ros2_ws/install/ros2_control_demo_example_3:/home/samuel/Desktop/ESDA-Asterius-Mk2-ROS2-Control/ros2_ws/install/ros2_control_demo_example_2:/home/samuel/Desktop/ESDA-Asterius-Mk2-ROS2-Control/ros2_ws/install/ros2_control_demo_example_14:/home/samuel/Desktop/ESDA-Asterius-Mk2-ROS2-Control/ros2_ws/install/ros2_control_demo_example_12:/home/samuel/Desktop/ESDA-Asterius-Mk2-ROS2-Control/ros2_ws/install/ros2_control_demo_example_11:/home/samuel/Desktop/ESDA-Asterius-Mk2-ROS2-Control/ros2_ws/install/ros2_control_demo_example_10:/home/samuel/Desktop/ESDA-Asterius-Mk2-ROS2-Control/ros2_ws/install/ros2_control_demo_example_1:/opt/ros/humble /usr/bin/cmake --install /home/samuel/Desktop/ESDA-Asterius-Mk2-ROS2-Control/ros2_ws/build/ros2_control_demo_example_11
