[0.033s] Invoking command in '/home/samuel/Desktop/ESDA-Asterius-Mk2-ROS2-Control/ros2_ws/build/ros2_control_demo_example_7': CMAKE_PREFIX_PATH=${CMAKE_PREFIX_PATH}:/home/samuel/Desktop/ITS-Robot-Arm/ros2_ws/install/my_sphere_pkg:/home/samuel/Desktop/ITS-Robot-Arm/ros2_ws/install/my_environment_pkg:/home/samuel/Desktop/ITS-Robot-Arm/ros2_ws/install/my_doosan_pkg:/opt/ros/humble /usr/bin/cmake /home/samuel/Desktop/ESDA-Asterius-Mk2-ROS2-Control/ros2_ws/src/ros2_control_demos/example_7 -DAMENT_CMAKE_SYMLINK_INSTALL=1 -DCMAKE_INSTALL_PREFIX=/home/samuel/Desktop/ESDA-Asterius-Mk2-ROS2-Control/ros2_ws/install/ros2_control_demo_example_7
[0.081s] -- The CXX compiler identification is GNU 11.4.0
[0.087s] -- Detecting CXX compiler ABI info
[0.144s] -- Detecting CXX compiler ABI info - done
[0.151s] -- Check for working CXX compiler: /usr/bin/c++ - skipped
[0.152s] -- Detecting CXX compile features
[0.152s] -- Detecting CXX compile features - done
[0.155s] -- Found ament_cmake: 1.3.11 (/opt/ros/humble/share/ament_cmake/cmake)
[0.288s] -- Found Python3: /usr/bin/python3 (found version "3.10.12") found components: Interpreter 
[0.355s] -- Override CMake install command with custom implementation using symlinks instead of copying resources
[0.382s] -- Found pluginlib: 5.1.0 (/opt/ros/humble/share/pluginlib/cmake)
[0.410s] -- Found hardware_interface: 2.50.0 (/opt/ros/humble/share/hardware_interface/cmake)
[0.430s] -- Found rosidl_generator_c: 3.1.6 (/opt/ros/humble/share/rosidl_generator_c/cmake)
[0.434s] -- Found rosidl_adapter: 3.1.6 (/opt/ros/humble/share/rosidl_adapter/cmake)
[0.440s] -- Found rosidl_generator_cpp: 3.1.6 (/opt/ros/humble/share/rosidl_generator_cpp/cmake)
[0.453s] -- Using all available rosidl_typesupport_c: rosidl_typesupport_fastrtps_c;rosidl_typesupport_introspection_c
[0.468s] -- Using all available rosidl_typesupport_cpp: rosidl_typesupport_fastrtps_cpp;rosidl_typesupport_introspection_cpp
[0.664s] -- Found rmw_implementation_cmake: 6.1.2 (/opt/ros/humble/share/rmw_implementation_cmake/cmake)
[0.667s] -- Found rmw_fastrtps_cpp: 6.2.7 (/opt/ros/humble/share/rmw_fastrtps_cpp/cmake)
[0.696s] -- Found TinyXML2 via Config file: TinyXML2_DIR-NOTFOUND
[0.733s] -- Found OpenSSL: /usr/lib/x86_64-linux-gnu/libcrypto.so (found version "3.0.2")  
[0.736s] -- Found TinyXML2 via Config file: TinyXML2_DIR-NOTFOUND
[0.753s] -- Found FastRTPS: /opt/ros/humble/include  
[0.756s] -- Found TinyXML2 via Config file: TinyXML2_DIR-NOTFOUND
[0.763s] -- Found TinyXML2 via Config file: TinyXML2_DIR-NOTFOUND
[0.772s] -- Using RMW implementation 'rmw_fastrtps_cpp' as default
[0.782s] -- Looking for C++ include pthread.h
[0.869s] -- Looking for C++ include pthread.h - found
[0.869s] -- Performing Test CMAKE_HAVE_LIBC_PTHREAD
[0.976s] -- Performing Test CMAKE_HAVE_LIBC_PTHREAD - Success
[0.977s] -- Found Threads: TRUE  
[1.033s] -- Found kdl_parser: 2.6.4 (/opt/ros/humble/share/kdl_parser/cmake)
[1.048s] -- Found eigen3_cmake_module: 0.1.1 (/opt/ros/humble/share/eigen3_cmake_module/cmake)
[1.049s] -- Found Eigen3: TRUE (found version "3.4.0") 
[1.049s] -- Ensuring Eigen3 include directory is part of orocos-kdl CMake target
[1.055s] -- Found controller_interface: 2.50.0 (/opt/ros/humble/share/controller_interface/cmake)
[1.062s] -- Found realtime_tools: 2.13.0 (/opt/ros/humble/share/realtime_tools/cmake)
[1.098s] -- Found ament_cmake_pytest: 1.3.11 (/opt/ros/humble/share/ament_cmake_pytest/cmake)
[1.903s] -- Configuring done
[1.934s] -- Generating done
[1.942s] -- Build files have been written to: /home/samuel/Desktop/ESDA-Asterius-Mk2-ROS2-Control/ros2_ws/build/ros2_control_demo_example_7
[1.953s] Invoked command in '/home/samuel/Desktop/ESDA-Asterius-Mk2-ROS2-Control/ros2_ws/build/ros2_control_demo_example_7' returned '0': CMAKE_PREFIX_PATH=${CMAKE_PREFIX_PATH}:/home/samuel/Desktop/ITS-Robot-Arm/ros2_ws/install/my_sphere_pkg:/home/samuel/Desktop/ITS-Robot-Arm/ros2_ws/install/my_environment_pkg:/home/samuel/Desktop/ITS-Robot-Arm/ros2_ws/install/my_doosan_pkg:/opt/ros/humble /usr/bin/cmake /home/samuel/Desktop/ESDA-Asterius-Mk2-ROS2-Control/ros2_ws/src/ros2_control_demos/example_7 -DAMENT_CMAKE_SYMLINK_INSTALL=1 -DCMAKE_INSTALL_PREFIX=/home/samuel/Desktop/ESDA-Asterius-Mk2-ROS2-Control/ros2_ws/install/ros2_control_demo_example_7
[1.955s] Invoking command in '/home/samuel/Desktop/ESDA-Asterius-Mk2-ROS2-Control/ros2_ws/build/ros2_control_demo_example_7': CMAKE_PREFIX_PATH=${CMAKE_PREFIX_PATH}:/home/samuel/Desktop/ITS-Robot-Arm/ros2_ws/install/my_sphere_pkg:/home/samuel/Desktop/ITS-Robot-Arm/ros2_ws/install/my_environment_pkg:/home/samuel/Desktop/ITS-Robot-Arm/ros2_ws/install/my_doosan_pkg:/opt/ros/humble /usr/bin/cmake --build /home/samuel/Desktop/ESDA-Asterius-Mk2-ROS2-Control/ros2_ws/build/ros2_control_demo_example_7 -- -j20 -l20
[2.001s] [ 20%] [32mBuilding CXX object CMakeFiles/send_trajectory.dir/reference_generator/send_trajectory.cpp.o[0m
[2.003s] [ 40%] [32mBuilding CXX object CMakeFiles/ros2_control_demo_example_7.dir/hardware/r6bot_hardware.cpp.o[0m
[2.003s] [ 60%] [32mBuilding CXX object CMakeFiles/ros2_control_demo_example_7.dir/controller/r6bot_controller.cpp.o[0m
[7.528s] [ 80%] [32m[1mLinking CXX executable send_trajectory[0m
[7.669s] [ 80%] Built target send_trajectory
[9.001s] [100%] [32m[1mLinking CXX shared library libros2_control_demo_example_7.so[0m
[9.352s] [100%] Built target ros2_control_demo_example_7
[9.364s] Invoked command in '/home/samuel/Desktop/ESDA-Asterius-Mk2-ROS2-Control/ros2_ws/build/ros2_control_demo_example_7' returned '0': CMAKE_PREFIX_PATH=${CMAKE_PREFIX_PATH}:/home/samuel/Desktop/ITS-Robot-Arm/ros2_ws/install/my_sphere_pkg:/home/samuel/Desktop/ITS-Robot-Arm/ros2_ws/install/my_environment_pkg:/home/samuel/Desktop/ITS-Robot-Arm/ros2_ws/install/my_doosan_pkg:/opt/ros/humble /usr/bin/cmake --build /home/samuel/Desktop/ESDA-Asterius-Mk2-ROS2-Control/ros2_ws/build/ros2_control_demo_example_7 -- -j20 -l20
[9.365s] Invoking command in '/home/samuel/Desktop/ESDA-Asterius-Mk2-ROS2-Control/ros2_ws/build/ros2_control_demo_example_7': CMAKE_PREFIX_PATH=${CMAKE_PREFIX_PATH}:/home/samuel/Desktop/ITS-Robot-Arm/ros2_ws/install/my_sphere_pkg:/home/samuel/Desktop/ITS-Robot-Arm/ros2_ws/install/my_environment_pkg:/home/samuel/Desktop/ITS-Robot-Arm/ros2_ws/install/my_doosan_pkg:/opt/ros/humble /usr/bin/cmake --install /home/samuel/Desktop/ESDA-Asterius-Mk2-ROS2-Control/ros2_ws/build/ros2_control_demo_example_7
[9.368s] -- Install configuration: ""
[9.368s] -- Execute custom install script
[9.369s] -- Symlinking: /home/samuel/Desktop/ESDA-Asterius-Mk2-ROS2-Control/ros2_ws/install/ros2_control_demo_example_7/share/ros2_control_demo_example_7//ros2_control_demo_example_7.xml
[9.375s] -- Up-to-date symlink: /home/samuel/Desktop/ESDA-Asterius-Mk2-ROS2-Control/ros2_ws/install/ros2_control_demo_example_7/share/ros2_control_demo_example_7//ros2_control_demo_example_7.xml
[9.375s] -- Symlinking: /home/samuel/Desktop/ESDA-Asterius-Mk2-ROS2-Control/ros2_ws/install/ros2_control_demo_example_7/include/ros2_control_demo_example_7/ros2_control_demo_example_7/r6bot_hardware.hpp
[9.382s] -- Symlinking: /home/samuel/Desktop/ESDA-Asterius-Mk2-ROS2-Control/ros2_ws/install/ros2_control_demo_example_7/share/ros2_control_demo_example_7/launch/view_r6bot.launch.py
[9.388s] -- Symlinking: /home/samuel/Desktop/ESDA-Asterius-Mk2-ROS2-Control/ros2_ws/install/ros2_control_demo_example_7/share/ros2_control_demo_example_7/ros2_control/r6bot.ros2_control.xacro
[9.393s] -- Symlinking: /home/samuel/Desktop/ESDA-Asterius-Mk2-ROS2-Control/ros2_ws/install/ros2_control_demo_example_7/share/ros2_control_demo_example_7/urdf/r6bot.urdf.xacro
[9.399s] -- Symlinking: /home/samuel/Desktop/ESDA-Asterius-Mk2-ROS2-Control/ros2_ws/install/ros2_control_demo_example_7/share/ros2_control_demo_example_7/launch/r6bot_controller.launch.py
[9.405s] -- Symlinking: /home/samuel/Desktop/ESDA-Asterius-Mk2-ROS2-Control/ros2_ws/install/ros2_control_demo_example_7/share/ros2_control_demo_example_7/launch/send_trajectory.launch.py
[9.412s] -- Symlinking: /home/samuel/Desktop/ESDA-Asterius-Mk2-ROS2-Control/ros2_ws/install/ros2_control_demo_example_7/share/ros2_control_demo_example_7/config/r6bot_controller.yaml
[9.418s] -- Symlinking: /home/samuel/Desktop/ESDA-Asterius-Mk2-ROS2-Control/ros2_ws/install/ros2_control_demo_example_7/lib/ros2_control_demo_example_7/send_trajectory
[9.422s] -- Symlinking: /home/samuel/Desktop/ESDA-Asterius-Mk2-ROS2-Control/ros2_ws/install/ros2_control_demo_example_7/share/ros2_control_demo_example_7/environment/library_path.sh
[9.427s] -- Symlinking: /home/samuel/Desktop/ESDA-Asterius-Mk2-ROS2-Control/ros2_ws/install/ros2_control_demo_example_7/share/ros2_control_demo_example_7/environment/library_path.dsv
[9.433s] -- Symlinking: /home/samuel/Desktop/ESDA-Asterius-Mk2-ROS2-Control/ros2_ws/install/ros2_control_demo_example_7/share/ament_index/resource_index/package_run_dependencies/ros2_control_demo_example_7
[9.440s] -- Symlinking: /home/samuel/Desktop/ESDA-Asterius-Mk2-ROS2-Control/ros2_ws/install/ros2_control_demo_example_7/share/ament_index/resource_index/parent_prefix_path/ros2_control_demo_example_7
[9.444s] -- Symlinking: /home/samuel/Desktop/ESDA-Asterius-Mk2-ROS2-Control/ros2_ws/install/ros2_control_demo_example_7/share/ros2_control_demo_example_7/environment/ament_prefix_path.sh
[9.451s] -- Symlinking: /home/samuel/Desktop/ESDA-Asterius-Mk2-ROS2-Control/ros2_ws/install/ros2_control_demo_example_7/share/ros2_control_demo_example_7/environment/ament_prefix_path.dsv
[9.456s] -- Symlinking: /home/samuel/Desktop/ESDA-Asterius-Mk2-ROS2-Control/ros2_ws/install/ros2_control_demo_example_7/share/ros2_control_demo_example_7/environment/path.sh
[9.462s] -- Symlinking: /home/samuel/Desktop/ESDA-Asterius-Mk2-ROS2-Control/ros2_ws/install/ros2_control_demo_example_7/share/ros2_control_demo_example_7/environment/path.dsv
[9.467s] -- Symlinking: /home/samuel/Desktop/ESDA-Asterius-Mk2-ROS2-Control/ros2_ws/install/ros2_control_demo_example_7/share/ros2_control_demo_example_7/local_setup.bash
[9.473s] -- Symlinking: /home/samuel/Desktop/ESDA-Asterius-Mk2-ROS2-Control/ros2_ws/install/ros2_control_demo_example_7/share/ros2_control_demo_example_7/local_setup.sh
[9.477s] -- Symlinking: /home/samuel/Desktop/ESDA-Asterius-Mk2-ROS2-Control/ros2_ws/install/ros2_control_demo_example_7/share/ros2_control_demo_example_7/local_setup.zsh
[9.483s] -- Symlinking: /home/samuel/Desktop/ESDA-Asterius-Mk2-ROS2-Control/ros2_ws/install/ros2_control_demo_example_7/share/ros2_control_demo_example_7/local_setup.dsv
[9.488s] -- Symlinking: /home/samuel/Desktop/ESDA-Asterius-Mk2-ROS2-Control/ros2_ws/install/ros2_control_demo_example_7/share/ros2_control_demo_example_7/package.dsv
[9.495s] -- Symlinking: /home/samuel/Desktop/ESDA-Asterius-Mk2-ROS2-Control/ros2_ws/install/ros2_control_demo_example_7/share/ament_index/resource_index/packages/ros2_control_demo_example_7
[9.501s] -- Symlinking: /home/samuel/Desktop/ESDA-Asterius-Mk2-ROS2-Control/ros2_ws/install/ros2_control_demo_example_7/share/ament_index/resource_index/hardware_interface__pluginlib__plugin/ros2_control_demo_example_7
[9.508s] -- Symlinking: /home/samuel/Desktop/ESDA-Asterius-Mk2-ROS2-Control/ros2_ws/install/ros2_control_demo_example_7/share/ament_index/resource_index/controller_interface__pluginlib__plugin/ros2_control_demo_example_7
[9.515s] -- Symlinking: /home/samuel/Desktop/ESDA-Asterius-Mk2-ROS2-Control/ros2_ws/install/ros2_control_demo_example_7/share/ros2_control_demo_example_7/cmake/ament_cmake_export_targets-extras.cmake
[9.520s] -- Symlinking: /home/samuel/Desktop/ESDA-Asterius-Mk2-ROS2-Control/ros2_ws/install/ros2_control_demo_example_7/share/ros2_control_demo_example_7/cmake/ament_cmake_export_dependencies-extras.cmake
[9.525s] -- Symlinking: /home/samuel/Desktop/ESDA-Asterius-Mk2-ROS2-Control/ros2_ws/install/ros2_control_demo_example_7/share/ros2_control_demo_example_7/cmake/ros2_control_demo_example_7Config.cmake
[9.529s] -- Symlinking: /home/samuel/Desktop/ESDA-Asterius-Mk2-ROS2-Control/ros2_ws/install/ros2_control_demo_example_7/share/ros2_control_demo_example_7/cmake/ros2_control_demo_example_7Config-version.cmake
[9.534s] -- Symlinking: /home/samuel/Desktop/ESDA-Asterius-Mk2-ROS2-Control/ros2_ws/install/ros2_control_demo_example_7/share/ros2_control_demo_example_7/package.xml
[9.539s] -- Installing: /home/samuel/Desktop/ESDA-Asterius-Mk2-ROS2-Control/ros2_ws/install/ros2_control_demo_example_7/lib/libros2_control_demo_example_7.so
[9.543s] -- Set runtime path of "/home/samuel/Desktop/ESDA-Asterius-Mk2-ROS2-Control/ros2_ws/install/ros2_control_demo_example_7/lib/libros2_control_demo_example_7.so" to ""
[9.543s] -- Installing: /home/samuel/Desktop/ESDA-Asterius-Mk2-ROS2-Control/ros2_ws/install/ros2_control_demo_example_7/share/ros2_control_demo_example_7/cmake/export_ros2_control_demo_example_7Export.cmake
[9.543s] -- Installing: /home/samuel/Desktop/ESDA-Asterius-Mk2-ROS2-Control/ros2_ws/install/ros2_control_demo_example_7/share/ros2_control_demo_example_7/cmake/export_ros2_control_demo_example_7Export-noconfig.cmake
[9.544s] Invoked command in '/home/samuel/Desktop/ESDA-Asterius-Mk2-ROS2-Control/ros2_ws/build/ros2_control_demo_example_7' returned '0': CMAKE_PREFIX_PATH=${CMAKE_PREFIX_PATH}:/home/samuel/Desktop/ITS-Robot-Arm/ros2_ws/install/my_sphere_pkg:/home/samuel/Desktop/ITS-Robot-Arm/ros2_ws/install/my_environment_pkg:/home/samuel/Desktop/ITS-Robot-Arm/ros2_ws/install/my_doosan_pkg:/opt/ros/humble /usr/bin/cmake --install /home/samuel/Desktop/ESDA-Asterius-Mk2-ROS2-Control/ros2_ws/build/ros2_control_demo_example_7
