[0.035s] Invoking command in '/home/samuel/Desktop/ESDA-Asterius-Mk2-ROS2-Control/ros2_ws/build/ros2_control_demo_example_3': CMAKE_PREFIX_PATH=${CMAKE_PREFIX_PATH}:/home/samuel/Desktop/ITS-Robot-Arm/ros2_ws/install/my_sphere_pkg:/home/samuel/Desktop/ITS-Robot-Arm/ros2_ws/install/my_environment_pkg:/home/samuel/Desktop/ITS-Robot-Arm/ros2_ws/install/my_doosan_pkg:/opt/ros/humble /usr/bin/cmake /home/samuel/Desktop/ESDA-Asterius-Mk2-ROS2-Control/ros2_ws/src/ros2_control_demos/example_3 -DAMENT_CMAKE_SYMLINK_INSTALL=1 -DCMAKE_INSTALL_PREFIX=/home/samuel/Desktop/ESDA-Asterius-Mk2-ROS2-Control/ros2_ws/install/ros2_control_demo_example_3
[0.088s] -- The CXX compiler identification is GNU 11.4.0
[0.092s] -- Detecting CXX compiler ABI info
[0.156s] -- Detecting CXX compiler ABI info - done
[0.164s] -- Check for working CXX compiler: /usr/bin/c++ - skipped
[0.164s] -- Detecting CXX compile features
[0.165s] -- Detecting CXX compile features - done
[0.169s] -- Found ament_cmake: 1.3.11 (/opt/ros/humble/share/ament_cmake/cmake)
[0.311s] -- Found Python3: /usr/bin/python3 (found version "3.10.12") found components: Interpreter 
[0.354s] -- Override CMake install command with custom implementation using symlinks instead of copying resources
[0.378s] -- Found hardware_interface: 2.50.0 (/opt/ros/humble/share/hardware_interface/cmake)
[0.423s] -- Found rosidl_generator_c: 3.1.6 (/opt/ros/humble/share/rosidl_generator_c/cmake)
[0.430s] -- Found rosidl_adapter: 3.1.6 (/opt/ros/humble/share/rosidl_adapter/cmake)
[0.440s] -- Found rosidl_generator_cpp: 3.1.6 (/opt/ros/humble/share/rosidl_generator_cpp/cmake)
[0.453s] -- Using all available rosidl_typesupport_c: rosidl_typesupport_fastrtps_c;rosidl_typesupport_introspection_c
[0.472s] -- Using all available rosidl_typesupport_cpp: rosidl_typesupport_fastrtps_cpp;rosidl_typesupport_introspection_cpp
[0.698s] -- Found rmw_implementation_cmake: 6.1.2 (/opt/ros/humble/share/rmw_implementation_cmake/cmake)
[0.701s] -- Found rmw_fastrtps_cpp: 6.2.7 (/opt/ros/humble/share/rmw_fastrtps_cpp/cmake)
[0.732s] -- Found TinyXML2 via Config file: TinyXML2_DIR-NOTFOUND
[0.776s] -- Found OpenSSL: /usr/lib/x86_64-linux-gnu/libcrypto.so (found version "3.0.2")  
[0.780s] -- Found TinyXML2 via Config file: TinyXML2_DIR-NOTFOUND
[0.793s] -- Found FastRTPS: /opt/ros/humble/include  
[0.795s] -- Found TinyXML2 via Config file: TinyXML2_DIR-NOTFOUND
[0.802s] -- Found TinyXML2 via Config file: TinyXML2_DIR-NOTFOUND
[0.810s] -- Using RMW implementation 'rmw_fastrtps_cpp' as default
[0.817s] -- Looking for C++ include pthread.h
[0.926s] -- Looking for C++ include pthread.h - found
[0.926s] -- Performing Test CMAKE_HAVE_LIBC_PTHREAD
[1.011s] -- Performing Test CMAKE_HAVE_LIBC_PTHREAD - Success
[1.012s] -- Found Threads: TRUE  
[1.066s] -- Found ament_cmake_pytest: 1.3.11 (/opt/ros/humble/share/ament_cmake_pytest/cmake)
[1.984s] -- Configuring done
[2.009s] -- Generating done
[2.015s] -- Build files have been written to: /home/samuel/Desktop/ESDA-Asterius-Mk2-ROS2-Control/ros2_ws/build/ros2_control_demo_example_3
[2.025s] Invoked command in '/home/samuel/Desktop/ESDA-Asterius-Mk2-ROS2-Control/ros2_ws/build/ros2_control_demo_example_3' returned '0': CMAKE_PREFIX_PATH=${CMAKE_PREFIX_PATH}:/home/samuel/Desktop/ITS-Robot-Arm/ros2_ws/install/my_sphere_pkg:/home/samuel/Desktop/ITS-Robot-Arm/ros2_ws/install/my_environment_pkg:/home/samuel/Desktop/ITS-Robot-Arm/ros2_ws/install/my_doosan_pkg:/opt/ros/humble /usr/bin/cmake /home/samuel/Desktop/ESDA-Asterius-Mk2-ROS2-Control/ros2_ws/src/ros2_control_demos/example_3 -DAMENT_CMAKE_SYMLINK_INSTALL=1 -DCMAKE_INSTALL_PREFIX=/home/samuel/Desktop/ESDA-Asterius-Mk2-ROS2-Control/ros2_ws/install/ros2_control_demo_example_3
[2.027s] Invoking command in '/home/samuel/Desktop/ESDA-Asterius-Mk2-ROS2-Control/ros2_ws/build/ros2_control_demo_example_3': CMAKE_PREFIX_PATH=${CMAKE_PREFIX_PATH}:/home/samuel/Desktop/ITS-Robot-Arm/ros2_ws/install/my_sphere_pkg:/home/samuel/Desktop/ITS-Robot-Arm/ros2_ws/install/my_environment_pkg:/home/samuel/Desktop/ITS-Robot-Arm/ros2_ws/install/my_doosan_pkg:/opt/ros/humble /usr/bin/cmake --build /home/samuel/Desktop/ESDA-Asterius-Mk2-ROS2-Control/ros2_ws/build/ros2_control_demo_example_3 -- -j20 -l20
[2.078s] [ 50%] [32mBuilding CXX object CMakeFiles/ros2_control_demo_example_3.dir/hardware/rrbot_system_multi_interface.cpp.o[0m
[6.392s] [100%] [32m[1mLinking CXX shared library libros2_control_demo_example_3.so[0m
[6.524s] [100%] Built target ros2_control_demo_example_3
[6.532s] Invoked command in '/home/samuel/Desktop/ESDA-Asterius-Mk2-ROS2-Control/ros2_ws/build/ros2_control_demo_example_3' returned '0': CMAKE_PREFIX_PATH=${CMAKE_PREFIX_PATH}:/home/samuel/Desktop/ITS-Robot-Arm/ros2_ws/install/my_sphere_pkg:/home/samuel/Desktop/ITS-Robot-Arm/ros2_ws/install/my_environment_pkg:/home/samuel/Desktop/ITS-Robot-Arm/ros2_ws/install/my_doosan_pkg:/opt/ros/humble /usr/bin/cmake --build /home/samuel/Desktop/ESDA-Asterius-Mk2-ROS2-Control/ros2_ws/build/ros2_control_demo_example_3 -- -j20 -l20
[6.533s] Invoking command in '/home/samuel/Desktop/ESDA-Asterius-Mk2-ROS2-Control/ros2_ws/build/ros2_control_demo_example_3': CMAKE_PREFIX_PATH=${CMAKE_PREFIX_PATH}:/home/samuel/Desktop/ITS-Robot-Arm/ros2_ws/install/my_sphere_pkg:/home/samuel/Desktop/ITS-Robot-Arm/ros2_ws/install/my_environment_pkg:/home/samuel/Desktop/ITS-Robot-Arm/ros2_ws/install/my_doosan_pkg:/opt/ros/humble /usr/bin/cmake --install /home/samuel/Desktop/ESDA-Asterius-Mk2-ROS2-Control/ros2_ws/build/ros2_control_demo_example_3
[6.538s] -- Install configuration: ""
[6.538s] -- Execute custom install script
[6.538s] -- Symlinking: /home/samuel/Desktop/ESDA-Asterius-Mk2-ROS2-Control/ros2_ws/install/ros2_control_demo_example_3/share/ros2_control_demo_example_3//ros2_control_demo_example_3.xml
[6.546s] -- Symlinking: /home/samuel/Desktop/ESDA-Asterius-Mk2-ROS2-Control/ros2_ws/install/ros2_control_demo_example_3/include/ros2_control_demo_example_3/ros2_control_demo_example_3/rrbot_system_multi_interface.hpp
[6.553s] -- Symlinking: /home/samuel/Desktop/ESDA-Asterius-Mk2-ROS2-Control/ros2_ws/install/ros2_control_demo_example_3/share/ros2_control_demo_example_3/launch/view_robot.launch.py
[6.560s] -- Symlinking: /home/samuel/Desktop/ESDA-Asterius-Mk2-ROS2-Control/ros2_ws/install/ros2_control_demo_example_3/share/ros2_control_demo_example_3/ros2_control/rrbot_system_multi_interface.ros2_control.xacro
[6.567s] -- Symlinking: /home/samuel/Desktop/ESDA-Asterius-Mk2-ROS2-Control/ros2_ws/install/ros2_control_demo_example_3/share/ros2_control_demo_example_3/urdf/rrbot_system_multi_interface.urdf.xacro
[6.575s] -- Symlinking: /home/samuel/Desktop/ESDA-Asterius-Mk2-ROS2-Control/ros2_ws/install/ros2_control_demo_example_3/share/ros2_control_demo_example_3/launch/rrbot_system_multi_interface.launch.py
[6.581s] -- Symlinking: /home/samuel/Desktop/ESDA-Asterius-Mk2-ROS2-Control/ros2_ws/install/ros2_control_demo_example_3/share/ros2_control_demo_example_3/launch/test_forward_position_controller.launch.py
[6.588s] -- Symlinking: /home/samuel/Desktop/ESDA-Asterius-Mk2-ROS2-Control/ros2_ws/install/ros2_control_demo_example_3/share/ros2_control_demo_example_3/config/rrbot_forward_position_publisher.yaml
[6.596s] -- Symlinking: /home/samuel/Desktop/ESDA-Asterius-Mk2-ROS2-Control/ros2_ws/install/ros2_control_demo_example_3/share/ros2_control_demo_example_3/config/rrbot_multi_interface_forward_controllers.yaml
[6.604s] -- Symlinking: /home/samuel/Desktop/ESDA-Asterius-Mk2-ROS2-Control/ros2_ws/install/ros2_control_demo_example_3/share/ros2_control_demo_example_3/environment/library_path.sh
[6.609s] -- Symlinking: /home/samuel/Desktop/ESDA-Asterius-Mk2-ROS2-Control/ros2_ws/install/ros2_control_demo_example_3/share/ros2_control_demo_example_3/environment/library_path.dsv
[6.616s] -- Symlinking: /home/samuel/Desktop/ESDA-Asterius-Mk2-ROS2-Control/ros2_ws/install/ros2_control_demo_example_3/share/ament_index/resource_index/package_run_dependencies/ros2_control_demo_example_3
[6.624s] -- Symlinking: /home/samuel/Desktop/ESDA-Asterius-Mk2-ROS2-Control/ros2_ws/install/ros2_control_demo_example_3/share/ament_index/resource_index/parent_prefix_path/ros2_control_demo_example_3
[6.630s] -- Symlinking: /home/samuel/Desktop/ESDA-Asterius-Mk2-ROS2-Control/ros2_ws/install/ros2_control_demo_example_3/share/ros2_control_demo_example_3/environment/ament_prefix_path.sh
[6.636s] -- Symlinking: /home/samuel/Desktop/ESDA-Asterius-Mk2-ROS2-Control/ros2_ws/install/ros2_control_demo_example_3/share/ros2_control_demo_example_3/environment/ament_prefix_path.dsv
[6.643s] -- Symlinking: /home/samuel/Desktop/ESDA-Asterius-Mk2-ROS2-Control/ros2_ws/install/ros2_control_demo_example_3/share/ros2_control_demo_example_3/environment/path.sh
[6.651s] -- Symlinking: /home/samuel/Desktop/ESDA-Asterius-Mk2-ROS2-Control/ros2_ws/install/ros2_control_demo_example_3/share/ros2_control_demo_example_3/environment/path.dsv
[6.656s] -- Symlinking: /home/samuel/Desktop/ESDA-Asterius-Mk2-ROS2-Control/ros2_ws/install/ros2_control_demo_example_3/share/ros2_control_demo_example_3/local_setup.bash
[6.664s] -- Symlinking: /home/samuel/Desktop/ESDA-Asterius-Mk2-ROS2-Control/ros2_ws/install/ros2_control_demo_example_3/share/ros2_control_demo_example_3/local_setup.sh
[6.670s] -- Symlinking: /home/samuel/Desktop/ESDA-Asterius-Mk2-ROS2-Control/ros2_ws/install/ros2_control_demo_example_3/share/ros2_control_demo_example_3/local_setup.zsh
[6.675s] -- Symlinking: /home/samuel/Desktop/ESDA-Asterius-Mk2-ROS2-Control/ros2_ws/install/ros2_control_demo_example_3/share/ros2_control_demo_example_3/local_setup.dsv
[6.681s] -- Symlinking: /home/samuel/Desktop/ESDA-Asterius-Mk2-ROS2-Control/ros2_ws/install/ros2_control_demo_example_3/share/ros2_control_demo_example_3/package.dsv
[6.690s] -- Symlinking: /home/samuel/Desktop/ESDA-Asterius-Mk2-ROS2-Control/ros2_ws/install/ros2_control_demo_example_3/share/ament_index/resource_index/packages/ros2_control_demo_example_3
[6.695s] -- Symlinking: /home/samuel/Desktop/ESDA-Asterius-Mk2-ROS2-Control/ros2_ws/install/ros2_control_demo_example_3/share/ament_index/resource_index/hardware_interface__pluginlib__plugin/ros2_control_demo_example_3
[6.701s] -- Symlinking: /home/samuel/Desktop/ESDA-Asterius-Mk2-ROS2-Control/ros2_ws/install/ros2_control_demo_example_3/share/ros2_control_demo_example_3/cmake/ament_cmake_export_targets-extras.cmake
[6.708s] -- Symlinking: /home/samuel/Desktop/ESDA-Asterius-Mk2-ROS2-Control/ros2_ws/install/ros2_control_demo_example_3/share/ros2_control_demo_example_3/cmake/ament_cmake_export_dependencies-extras.cmake
[6.715s] -- Symlinking: /home/samuel/Desktop/ESDA-Asterius-Mk2-ROS2-Control/ros2_ws/install/ros2_control_demo_example_3/share/ros2_control_demo_example_3/cmake/ros2_control_demo_example_3Config.cmake
[6.723s] -- Symlinking: /home/samuel/Desktop/ESDA-Asterius-Mk2-ROS2-Control/ros2_ws/install/ros2_control_demo_example_3/share/ros2_control_demo_example_3/cmake/ros2_control_demo_example_3Config-version.cmake
[6.729s] -- Symlinking: /home/samuel/Desktop/ESDA-Asterius-Mk2-ROS2-Control/ros2_ws/install/ros2_control_demo_example_3/share/ros2_control_demo_example_3/package.xml
[6.737s] -- Installing: /home/samuel/Desktop/ESDA-Asterius-Mk2-ROS2-Control/ros2_ws/install/ros2_control_demo_example_3/lib/libros2_control_demo_example_3.so
[6.738s] -- Set runtime path of "/home/samuel/Desktop/ESDA-Asterius-Mk2-ROS2-Control/ros2_ws/install/ros2_control_demo_example_3/lib/libros2_control_demo_example_3.so" to ""
[6.738s] -- Installing: /home/samuel/Desktop/ESDA-Asterius-Mk2-ROS2-Control/ros2_ws/install/ros2_control_demo_example_3/share/ros2_control_demo_example_3/cmake/export_ros2_control_demo_example_3Export.cmake
[6.738s] -- Installing: /home/samuel/Desktop/ESDA-Asterius-Mk2-ROS2-Control/ros2_ws/install/ros2_control_demo_example_3/share/ros2_control_demo_example_3/cmake/export_ros2_control_demo_example_3Export-noconfig.cmake
[6.741s] Invoked command in '/home/samuel/Desktop/ESDA-Asterius-Mk2-ROS2-Control/ros2_ws/build/ros2_control_demo_example_3' returned '0': CMAKE_PREFIX_PATH=${CMAKE_PREFIX_PATH}:/home/samuel/Desktop/ITS-Robot-Arm/ros2_ws/install/my_sphere_pkg:/home/samuel/Desktop/ITS-Robot-Arm/ros2_ws/install/my_environment_pkg:/home/samuel/Desktop/ITS-Robot-Arm/ros2_ws/install/my_doosan_pkg:/opt/ros/humble /usr/bin/cmake --install /home/samuel/Desktop/ESDA-Asterius-Mk2-ROS2-Control/ros2_ws/build/ros2_control_demo_example_3
