[0.041s] Invoking command in '/home/samuel/Desktop/ESDA-Asterius-Mk2-ROS2-Control/ros2_ws/build/ros2_control_demo_example_6': AMENT_PREFIX_PATH=/home/samuel/Desktop/ESDA-Asterius-Mk2-ROS2-Control/ros2_ws/install/ros2_control_demo_description:${AMENT_PREFIX_PATH} CMAKE_PREFIX_PATH=/home/samuel/Desktop/ESDA-Asterius-Mk2-ROS2-Control/ros2_ws/install/ros2_control_demo_description:/home/samuel/Desktop/mavlink_ws/install/mavros_extras:/home/samuel/Desktop/mavlink_ws/install/mavros:/home/samuel/Desktop/mavlink_ws/install/mavros_msgs:/home/samuel/Desktop/mavlink_ws/install/libmavconn:/home/samuel/Desktop/mavlink_ws/install/mavlink:/opt/ros/humble /usr/bin/cmake --build /home/samuel/Desktop/ESDA-Asterius-Mk2-ROS2-Control/ros2_ws/build/ros2_control_demo_example_6 -- -j20 -l20
[0.102s] [100%] Built target ros2_control_demo_example_6
[0.135s] Invoked command in '/home/samuel/Desktop/ESDA-Asterius-Mk2-ROS2-Control/ros2_ws/build/ros2_control_demo_example_6' returned '0': AMENT_PREFIX_PATH=/home/samuel/Desktop/ESDA-Asterius-Mk2-ROS2-Control/ros2_ws/install/ros2_control_demo_description:${AMENT_PREFIX_PATH} CMAKE_PREFIX_PATH=/home/samuel/Desktop/ESDA-Asterius-Mk2-ROS2-Control/ros2_ws/install/ros2_control_demo_description:/home/samuel/Desktop/mavlink_ws/install/mavros_extras:/home/samuel/Desktop/mavlink_ws/install/mavros:/home/samuel/Desktop/mavlink_ws/install/mavros_msgs:/home/samuel/Desktop/mavlink_ws/install/libmavconn:/home/samuel/Desktop/mavlink_ws/install/mavlink:/opt/ros/humble /usr/bin/cmake --build /home/samuel/Desktop/ESDA-Asterius-Mk2-ROS2-Control/ros2_ws/build/ros2_control_demo_example_6 -- -j20 -l20
[0.137s] Invoking command in '/home/samuel/Desktop/ESDA-Asterius-Mk2-ROS2-Control/ros2_ws/build/ros2_control_demo_example_6': AMENT_PREFIX_PATH=/home/samuel/Desktop/ESDA-Asterius-Mk2-ROS2-Control/ros2_ws/install/ros2_control_demo_description:${AMENT_PREFIX_PATH} CMAKE_PREFIX_PATH=/home/samuel/Desktop/ESDA-Asterius-Mk2-ROS2-Control/ros2_ws/install/ros2_control_demo_description:/home/samuel/Desktop/mavlink_ws/install/mavros_extras:/home/samuel/Desktop/mavlink_ws/install/mavros:/home/samuel/Desktop/mavlink_ws/install/mavros_msgs:/home/samuel/Desktop/mavlink_ws/install/libmavconn:/home/samuel/Desktop/mavlink_ws/install/mavlink:/opt/ros/humble /usr/bin/cmake --install /home/samuel/Desktop/ESDA-Asterius-Mk2-ROS2-Control/ros2_ws/build/ros2_control_demo_example_6
[0.145s] -- Install configuration: ""
[0.146s] -- Execute custom install script
[0.146s] -- Up-to-date symlink: /home/samuel/Desktop/ESDA-Asterius-Mk2-ROS2-Control/ros2_ws/install/ros2_control_demo_example_6/share/ros2_control_demo_example_6//ros2_control_demo_example_6.xml
[0.146s] -- Up-to-date symlink: /home/samuel/Desktop/ESDA-Asterius-Mk2-ROS2-Control/ros2_ws/install/ros2_control_demo_example_6/include/ros2_control_demo_example_6/ros2_control_demo_example_6/rrbot_actuator.hpp
[0.147s] -- Up-to-date symlink: /home/samuel/Desktop/ESDA-Asterius-Mk2-ROS2-Control/ros2_ws/install/ros2_control_demo_example_6/share/ros2_control_demo_example_6/launch/view_robot.launch.py
[0.147s] -- Up-to-date symlink: /home/samuel/Desktop/ESDA-Asterius-Mk2-ROS2-Control/ros2_ws/install/ros2_control_demo_example_6/share/ros2_control_demo_example_6/ros2_control/rrbot_modular_actuators.ros2_control.xacro
[0.147s] -- Up-to-date symlink: /home/samuel/Desktop/ESDA-Asterius-Mk2-ROS2-Control/ros2_ws/install/ros2_control_demo_example_6/share/ros2_control_demo_example_6/urdf/rrbot_modular_actuators.urdf.xacro
[0.147s] -- Up-to-date symlink: /home/samuel/Desktop/ESDA-Asterius-Mk2-ROS2-Control/ros2_ws/install/ros2_control_demo_example_6/share/ros2_control_demo_example_6/launch/rrbot_modular_actuators.launch.py
[0.147s] -- Up-to-date symlink: /home/samuel/Desktop/ESDA-Asterius-Mk2-ROS2-Control/ros2_ws/install/ros2_control_demo_example_6/share/ros2_control_demo_example_6/launch/test_forward_position_controller.launch.py
[0.148s] -- Up-to-date symlink: /home/samuel/Desktop/ESDA-Asterius-Mk2-ROS2-Control/ros2_ws/install/ros2_control_demo_example_6/share/ros2_control_demo_example_6/config/rrbot_forward_position_publisher.yaml
[0.148s] -- Up-to-date symlink: /home/samuel/Desktop/ESDA-Asterius-Mk2-ROS2-Control/ros2_ws/install/ros2_control_demo_example_6/share/ros2_control_demo_example_6/config/rrbot_modular_actuators.yaml
[0.148s] -- Up-to-date symlink: /home/samuel/Desktop/ESDA-Asterius-Mk2-ROS2-Control/ros2_ws/install/ros2_control_demo_example_6/share/ros2_control_demo_example_6/environment/library_path.sh
[0.149s] -- Up-to-date symlink: /home/samuel/Desktop/ESDA-Asterius-Mk2-ROS2-Control/ros2_ws/install/ros2_control_demo_example_6/share/ros2_control_demo_example_6/environment/library_path.dsv
[0.149s] -- Up-to-date symlink: /home/samuel/Desktop/ESDA-Asterius-Mk2-ROS2-Control/ros2_ws/install/ros2_control_demo_example_6/share/ament_index/resource_index/package_run_dependencies/ros2_control_demo_example_6
[0.149s] -- Up-to-date symlink: /home/samuel/Desktop/ESDA-Asterius-Mk2-ROS2-Control/ros2_ws/install/ros2_control_demo_example_6/share/ament_index/resource_index/parent_prefix_path/ros2_control_demo_example_6
[0.149s] -- Up-to-date symlink: /home/samuel/Desktop/ESDA-Asterius-Mk2-ROS2-Control/ros2_ws/install/ros2_control_demo_example_6/share/ros2_control_demo_example_6/environment/ament_prefix_path.sh
[0.149s] -- Up-to-date symlink: /home/samuel/Desktop/ESDA-Asterius-Mk2-ROS2-Control/ros2_ws/install/ros2_control_demo_example_6/share/ros2_control_demo_example_6/environment/ament_prefix_path.dsv
[0.149s] -- Up-to-date symlink: /home/samuel/Desktop/ESDA-Asterius-Mk2-ROS2-Control/ros2_ws/install/ros2_control_demo_example_6/share/ros2_control_demo_example_6/environment/path.sh
[0.150s] -- Up-to-date symlink: /home/samuel/Desktop/ESDA-Asterius-Mk2-ROS2-Control/ros2_ws/install/ros2_control_demo_example_6/share/ros2_control_demo_example_6/environment/path.dsv
[0.150s] -- Up-to-date symlink: /home/samuel/Desktop/ESDA-Asterius-Mk2-ROS2-Control/ros2_ws/install/ros2_control_demo_example_6/share/ros2_control_demo_example_6/local_setup.bash
[0.150s] -- Up-to-date symlink: /home/samuel/Desktop/ESDA-Asterius-Mk2-ROS2-Control/ros2_ws/install/ros2_control_demo_example_6/share/ros2_control_demo_example_6/local_setup.sh
[0.150s] -- Up-to-date symlink: /home/samuel/Desktop/ESDA-Asterius-Mk2-ROS2-Control/ros2_ws/install/ros2_control_demo_example_6/share/ros2_control_demo_example_6/local_setup.zsh
[0.150s] -- Up-to-date symlink: /home/samuel/Desktop/ESDA-Asterius-Mk2-ROS2-Control/ros2_ws/install/ros2_control_demo_example_6/share/ros2_control_demo_example_6/local_setup.dsv
[0.150s] -- Symlinking: /home/samuel/Desktop/ESDA-Asterius-Mk2-ROS2-Control/ros2_ws/install/ros2_control_demo_example_6/share/ros2_control_demo_example_6/package.dsv
[0.158s] -- Up-to-date symlink: /home/samuel/Desktop/ESDA-Asterius-Mk2-ROS2-Control/ros2_ws/install/ros2_control_demo_example_6/share/ament_index/resource_index/packages/ros2_control_demo_example_6
[0.158s] -- Up-to-date symlink: /home/samuel/Desktop/ESDA-Asterius-Mk2-ROS2-Control/ros2_ws/install/ros2_control_demo_example_6/share/ament_index/resource_index/hardware_interface__pluginlib__plugin/ros2_control_demo_example_6
[0.158s] -- Up-to-date symlink: /home/samuel/Desktop/ESDA-Asterius-Mk2-ROS2-Control/ros2_ws/install/ros2_control_demo_example_6/share/ros2_control_demo_example_6/cmake/ament_cmake_export_targets-extras.cmake
[0.158s] -- Up-to-date symlink: /home/samuel/Desktop/ESDA-Asterius-Mk2-ROS2-Control/ros2_ws/install/ros2_control_demo_example_6/share/ros2_control_demo_example_6/cmake/ament_cmake_export_dependencies-extras.cmake
[0.158s] -- Up-to-date symlink: /home/samuel/Desktop/ESDA-Asterius-Mk2-ROS2-Control/ros2_ws/install/ros2_control_demo_example_6/share/ros2_control_demo_example_6/cmake/ros2_control_demo_example_6Config.cmake
[0.158s] -- Up-to-date symlink: /home/samuel/Desktop/ESDA-Asterius-Mk2-ROS2-Control/ros2_ws/install/ros2_control_demo_example_6/share/ros2_control_demo_example_6/cmake/ros2_control_demo_example_6Config-version.cmake
[0.158s] -- Up-to-date symlink: /home/samuel/Desktop/ESDA-Asterius-Mk2-ROS2-Control/ros2_ws/install/ros2_control_demo_example_6/share/ros2_control_demo_example_6/package.xml
[0.158s] -- Up-to-date: /home/samuel/Desktop/ESDA-Asterius-Mk2-ROS2-Control/ros2_ws/install/ros2_control_demo_example_6/lib/libros2_control_demo_example_6.so
[0.158s] -- Up-to-date: /home/samuel/Desktop/ESDA-Asterius-Mk2-ROS2-Control/ros2_ws/install/ros2_control_demo_example_6/share/ros2_control_demo_example_6/cmake/export_ros2_control_demo_example_6Export.cmake
[0.158s] -- Up-to-date: /home/samuel/Desktop/ESDA-Asterius-Mk2-ROS2-Control/ros2_ws/install/ros2_control_demo_example_6/share/ros2_control_demo_example_6/cmake/export_ros2_control_demo_example_6Export-noconfig.cmake
[0.281s] Invoked command in '/home/samuel/Desktop/ESDA-Asterius-Mk2-ROS2-Control/ros2_ws/build/ros2_control_demo_example_6' returned '0': AMENT_PREFIX_PATH=/home/samuel/Desktop/ESDA-Asterius-Mk2-ROS2-Control/ros2_ws/install/ros2_control_demo_description:${AMENT_PREFIX_PATH} CMAKE_PREFIX_PATH=/home/samuel/Desktop/ESDA-Asterius-Mk2-ROS2-Control/ros2_ws/install/ros2_control_demo_description:/home/samuel/Desktop/mavlink_ws/install/mavros_extras:/home/samuel/Desktop/mavlink_ws/install/mavros:/home/samuel/Desktop/mavlink_ws/install/mavros_msgs:/home/samuel/Desktop/mavlink_ws/install/libmavconn:/home/samuel/Desktop/mavlink_ws/install/mavlink:/opt/ros/humble /usr/bin/cmake --install /home/samuel/Desktop/ESDA-Asterius-Mk2-ROS2-Control/ros2_ws/build/ros2_control_demo_example_6
