[0.021s] Invoking command in '/home/samuel/Desktop/ESDA-Asterius-Mk2-ROS2-Control/ros2_ws/build/ros2_control_demo_example_3': CMAKE_PREFIX_PATH=/home/samuel/Desktop/ESDA-Asterius-Mk2-ROS2-Control/ros2_ws/install/ros2_control_demo_description:/home/samuel/Desktop/ESDA-Asterius-Mk2-ROS2-Control/ros2_ws/install/ros2_control_demos:/home/samuel/Desktop/ESDA-Asterius-Mk2-ROS2-Control/ros2_ws/install/ros2_control_demo_example_9:/home/samuel/Desktop/ESDA-Asterius-Mk2-ROS2-Control/ros2_ws/install/ros2_control_demo_example_8:/home/samuel/Desktop/ESDA-Asterius-Mk2-ROS2-Control/ros2_ws/install/ros2_control_demo_example_7:/home/samuel/Desktop/ESDA-Asterius-Mk2-ROS2-Control/ros2_ws/install/ros2_control_demo_example_6:/home/samuel/Desktop/ESDA-Asterius-Mk2-ROS2-Control/ros2_ws/install/ros2_control_demo_example_15:/home/samuel/Desktop/ESDA-Asterius-Mk2-ROS2-Control/ros2_ws/install/ros2_control_demo_example_13:/home/samuel/Desktop/ESDA-Asterius-Mk2-ROS2-Control/ros2_ws/install/ros2_control_demo_example_5:/home/samuel/Desktop/ESDA-Asterius-Mk2-ROS2-Control/ros2_ws/install/ros2_control_demo_example_4:/home/samuel/Desktop/ESDA-Asterius-Mk2-ROS2-Control/ros2_ws/install/ros2_control_demo_example_3:/home/samuel/Desktop/ESDA-Asterius-Mk2-ROS2-Control/ros2_ws/install/ros2_control_demo_example_2:/home/samuel/Desktop/ESDA-Asterius-Mk2-ROS2-Control/ros2_ws/install/ros2_control_demo_example_14:/home/samuel/Desktop/ESDA-Asterius-Mk2-ROS2-Control/ros2_ws/install/ros2_control_demo_example_12:/home/samuel/Desktop/ESDA-Asterius-Mk2-ROS2-Control/ros2_ws/install/ros2_control_demo_example_11:/home/samuel/Desktop/ESDA-Asterius-Mk2-ROS2-Control/ros2_ws/install/ros2_control_demo_example_10:/home/samuel/Desktop/ESDA-Asterius-Mk2-ROS2-Control/ros2_ws/install/ros2_control_demo_example_1:/opt/ros/humble /usr/bin/cmake /home/samuel/Desktop/ESDA-Asterius-Mk2-ROS2-Control/ros2_ws/src/ros2_control_demos/example_3 -DCMAKE_INSTALL_PREFIX=/home/samuel/Desktop/ESDA-Asterius-Mk2-ROS2-Control/ros2_ws/install/ros2_control_demo_example_3
[0.079s] -- The CXX compiler identification is GNU 11.4.0
[0.085s] -- Detecting CXX compiler ABI info
[0.140s] -- Detecting CXX compiler ABI info - done
[0.145s] -- Check for working CXX compiler: /usr/bin/c++ - skipped
[0.145s] -- Detecting CXX compile features
[0.145s] -- Detecting CXX compile features - done
[0.148s] -- Found ament_cmake: 1.3.11 (/opt/ros/humble/share/ament_cmake/cmake)
[0.253s] -- Found Python3: /usr/bin/python3 (found version "3.10.12") found components: Interpreter 
[0.343s] -- Found hardware_interface: 2.50.0 (/opt/ros/humble/share/hardware_interface/cmake)
[0.383s] -- Found rosidl_generator_c: 3.1.6 (/opt/ros/humble/share/rosidl_generator_c/cmake)
[0.388s] -- Found rosidl_adapter: 3.1.6 (/opt/ros/humble/share/rosidl_adapter/cmake)
[0.397s] -- Found rosidl_generator_cpp: 3.1.6 (/opt/ros/humble/share/rosidl_generator_cpp/cmake)
[0.410s] -- Using all available rosidl_typesupport_c: rosidl_typesupport_fastrtps_c;rosidl_typesupport_introspection_c
[0.427s] -- Using all available rosidl_typesupport_cpp: rosidl_typesupport_fastrtps_cpp;rosidl_typesupport_introspection_cpp
[0.638s] -- Found rmw_implementation_cmake: 6.1.2 (/opt/ros/humble/share/rmw_implementation_cmake/cmake)
[0.642s] -- Found rmw_fastrtps_cpp: 6.2.7 (/opt/ros/humble/share/rmw_fastrtps_cpp/cmake)
[0.668s] -- Found TinyXML2 via Config file: TinyXML2_DIR-NOTFOUND
[0.716s] -- Found OpenSSL: /usr/lib/x86_64-linux-gnu/libcrypto.so (found version "3.0.2")  
[0.719s] -- Found TinyXML2 via Config file: TinyXML2_DIR-NOTFOUND
[0.731s] -- Found FastRTPS: /opt/ros/humble/include  
[0.733s] -- Found TinyXML2 via Config file: TinyXML2_DIR-NOTFOUND
[0.740s] -- Found TinyXML2 via Config file: TinyXML2_DIR-NOTFOUND
[0.748s] -- Using RMW implementation 'rmw_fastrtps_cpp' as default
[0.753s] -- Looking for C++ include pthread.h
[0.834s] -- Looking for C++ include pthread.h - found
[0.834s] -- Performing Test CMAKE_HAVE_LIBC_PTHREAD
[0.923s] -- Performing Test CMAKE_HAVE_LIBC_PTHREAD - Success
[0.924s] -- Found Threads: TRUE  
[0.962s] -- Found ament_cmake_pytest: 1.3.11 (/opt/ros/humble/share/ament_cmake_pytest/cmake)
[1.852s] -- Configuring done
[1.867s] -- Generating done
[1.871s] -- Build files have been written to: /home/samuel/Desktop/ESDA-Asterius-Mk2-ROS2-Control/ros2_ws/build/ros2_control_demo_example_3
[1.878s] Invoked command in '/home/samuel/Desktop/ESDA-Asterius-Mk2-ROS2-Control/ros2_ws/build/ros2_control_demo_example_3' returned '0': CMAKE_PREFIX_PATH=/home/samuel/Desktop/ESDA-Asterius-Mk2-ROS2-Control/ros2_ws/install/ros2_control_demo_description:/home/samuel/Desktop/ESDA-Asterius-Mk2-ROS2-Control/ros2_ws/install/ros2_control_demos:/home/samuel/Desktop/ESDA-Asterius-Mk2-ROS2-Control/ros2_ws/install/ros2_control_demo_example_9:/home/samuel/Desktop/ESDA-Asterius-Mk2-ROS2-Control/ros2_ws/install/ros2_control_demo_example_8:/home/samuel/Desktop/ESDA-Asterius-Mk2-ROS2-Control/ros2_ws/install/ros2_control_demo_example_7:/home/samuel/Desktop/ESDA-Asterius-Mk2-ROS2-Control/ros2_ws/install/ros2_control_demo_example_6:/home/samuel/Desktop/ESDA-Asterius-Mk2-ROS2-Control/ros2_ws/install/ros2_control_demo_example_15:/home/samuel/Desktop/ESDA-Asterius-Mk2-ROS2-Control/ros2_ws/install/ros2_control_demo_example_13:/home/samuel/Desktop/ESDA-Asterius-Mk2-ROS2-Control/ros2_ws/install/ros2_control_demo_example_5:/home/samuel/Desktop/ESDA-Asterius-Mk2-ROS2-Control/ros2_ws/install/ros2_control_demo_example_4:/home/samuel/Desktop/ESDA-Asterius-Mk2-ROS2-Control/ros2_ws/install/ros2_control_demo_example_3:/home/samuel/Desktop/ESDA-Asterius-Mk2-ROS2-Control/ros2_ws/install/ros2_control_demo_example_2:/home/samuel/Desktop/ESDA-Asterius-Mk2-ROS2-Control/ros2_ws/install/ros2_control_demo_example_14:/home/samuel/Desktop/ESDA-Asterius-Mk2-ROS2-Control/ros2_ws/install/ros2_control_demo_example_12:/home/samuel/Desktop/ESDA-Asterius-Mk2-ROS2-Control/ros2_ws/install/ros2_control_demo_example_11:/home/samuel/Desktop/ESDA-Asterius-Mk2-ROS2-Control/ros2_ws/install/ros2_control_demo_example_10:/home/samuel/Desktop/ESDA-Asterius-Mk2-ROS2-Control/ros2_ws/install/ros2_control_demo_example_1:/opt/ros/humble /usr/bin/cmake /home/samuel/Desktop/ESDA-Asterius-Mk2-ROS2-Control/ros2_ws/src/ros2_control_demos/example_3 -DCMAKE_INSTALL_PREFIX=/home/samuel/Desktop/ESDA-Asterius-Mk2-ROS2-Control/ros2_ws/install/ros2_control_demo_example_3
[1.879s] Invoking command in '/home/samuel/Desktop/ESDA-Asterius-Mk2-ROS2-Control/ros2_ws/build/ros2_control_demo_example_3': CMAKE_PREFIX_PATH=/home/samuel/Desktop/ESDA-Asterius-Mk2-ROS2-Control/ros2_ws/install/ros2_control_demo_description:/home/samuel/Desktop/ESDA-Asterius-Mk2-ROS2-Control/ros2_ws/install/ros2_control_demos:/home/samuel/Desktop/ESDA-Asterius-Mk2-ROS2-Control/ros2_ws/install/ros2_control_demo_example_9:/home/samuel/Desktop/ESDA-Asterius-Mk2-ROS2-Control/ros2_ws/install/ros2_control_demo_example_8:/home/samuel/Desktop/ESDA-Asterius-Mk2-ROS2-Control/ros2_ws/install/ros2_control_demo_example_7:/home/samuel/Desktop/ESDA-Asterius-Mk2-ROS2-Control/ros2_ws/install/ros2_control_demo_example_6:/home/samuel/Desktop/ESDA-Asterius-Mk2-ROS2-Control/ros2_ws/install/ros2_control_demo_example_15:/home/samuel/Desktop/ESDA-Asterius-Mk2-ROS2-Control/ros2_ws/install/ros2_control_demo_example_13:/home/samuel/Desktop/ESDA-Asterius-Mk2-ROS2-Control/ros2_ws/install/ros2_control_demo_example_5:/home/samuel/Desktop/ESDA-Asterius-Mk2-ROS2-Control/ros2_ws/install/ros2_control_demo_example_4:/home/samuel/Desktop/ESDA-Asterius-Mk2-ROS2-Control/ros2_ws/install/ros2_control_demo_example_3:/home/samuel/Desktop/ESDA-Asterius-Mk2-ROS2-Control/ros2_ws/install/ros2_control_demo_example_2:/home/samuel/Desktop/ESDA-Asterius-Mk2-ROS2-Control/ros2_ws/install/ros2_control_demo_example_14:/home/samuel/Desktop/ESDA-Asterius-Mk2-ROS2-Control/ros2_ws/install/ros2_control_demo_example_12:/home/samuel/Desktop/ESDA-Asterius-Mk2-ROS2-Control/ros2_ws/install/ros2_control_demo_example_11:/home/samuel/Desktop/ESDA-Asterius-Mk2-ROS2-Control/ros2_ws/install/ros2_control_demo_example_10:/home/samuel/Desktop/ESDA-Asterius-Mk2-ROS2-Control/ros2_ws/install/ros2_control_demo_example_1:/opt/ros/humble /usr/bin/cmake --build /home/samuel/Desktop/ESDA-Asterius-Mk2-ROS2-Control/ros2_ws/build/ros2_control_demo_example_3 -- -j20 -l20
[1.913s] [ 50%] [32mBuilding CXX object CMakeFiles/ros2_control_demo_example_3.dir/hardware/rrbot_system_multi_interface.cpp.o[0m
[4.852s] [100%] [32m[1mLinking CXX shared library libros2_control_demo_example_3.so[0m
[4.988s] [100%] Built target ros2_control_demo_example_3
[5.001s] Invoked command in '/home/samuel/Desktop/ESDA-Asterius-Mk2-ROS2-Control/ros2_ws/build/ros2_control_demo_example_3' returned '0': CMAKE_PREFIX_PATH=/home/samuel/Desktop/ESDA-Asterius-Mk2-ROS2-Control/ros2_ws/install/ros2_control_demo_description:/home/samuel/Desktop/ESDA-Asterius-Mk2-ROS2-Control/ros2_ws/install/ros2_control_demos:/home/samuel/Desktop/ESDA-Asterius-Mk2-ROS2-Control/ros2_ws/install/ros2_control_demo_example_9:/home/samuel/Desktop/ESDA-Asterius-Mk2-ROS2-Control/ros2_ws/install/ros2_control_demo_example_8:/home/samuel/Desktop/ESDA-Asterius-Mk2-ROS2-Control/ros2_ws/install/ros2_control_demo_example_7:/home/samuel/Desktop/ESDA-Asterius-Mk2-ROS2-Control/ros2_ws/install/ros2_control_demo_example_6:/home/samuel/Desktop/ESDA-Asterius-Mk2-ROS2-Control/ros2_ws/install/ros2_control_demo_example_15:/home/samuel/Desktop/ESDA-Asterius-Mk2-ROS2-Control/ros2_ws/install/ros2_control_demo_example_13:/home/samuel/Desktop/ESDA-Asterius-Mk2-ROS2-Control/ros2_ws/install/ros2_control_demo_example_5:/home/samuel/Desktop/ESDA-Asterius-Mk2-ROS2-Control/ros2_ws/install/ros2_control_demo_example_4:/home/samuel/Desktop/ESDA-Asterius-Mk2-ROS2-Control/ros2_ws/install/ros2_control_demo_example_3:/home/samuel/Desktop/ESDA-Asterius-Mk2-ROS2-Control/ros2_ws/install/ros2_control_demo_example_2:/home/samuel/Desktop/ESDA-Asterius-Mk2-ROS2-Control/ros2_ws/install/ros2_control_demo_example_14:/home/samuel/Desktop/ESDA-Asterius-Mk2-ROS2-Control/ros2_ws/install/ros2_control_demo_example_12:/home/samuel/Desktop/ESDA-Asterius-Mk2-ROS2-Control/ros2_ws/install/ros2_control_demo_example_11:/home/samuel/Desktop/ESDA-Asterius-Mk2-ROS2-Control/ros2_ws/install/ros2_control_demo_example_10:/home/samuel/Desktop/ESDA-Asterius-Mk2-ROS2-Control/ros2_ws/install/ros2_control_demo_example_1:/opt/ros/humble /usr/bin/cmake --build /home/samuel/Desktop/ESDA-Asterius-Mk2-ROS2-Control/ros2_ws/build/ros2_control_demo_example_3 -- -j20 -l20
[5.002s] Invoking command in '/home/samuel/Desktop/ESDA-Asterius-Mk2-ROS2-Control/ros2_ws/build/ros2_control_demo_example_3': CMAKE_PREFIX_PATH=/home/samuel/Desktop/ESDA-Asterius-Mk2-ROS2-Control/ros2_ws/install/ros2_control_demo_description:/home/samuel/Desktop/ESDA-Asterius-Mk2-ROS2-Control/ros2_ws/install/ros2_control_demos:/home/samuel/Desktop/ESDA-Asterius-Mk2-ROS2-Control/ros2_ws/install/ros2_control_demo_example_9:/home/samuel/Desktop/ESDA-Asterius-Mk2-ROS2-Control/ros2_ws/install/ros2_control_demo_example_8:/home/samuel/Desktop/ESDA-Asterius-Mk2-ROS2-Control/ros2_ws/install/ros2_control_demo_example_7:/home/samuel/Desktop/ESDA-Asterius-Mk2-ROS2-Control/ros2_ws/install/ros2_control_demo_example_6:/home/samuel/Desktop/ESDA-Asterius-Mk2-ROS2-Control/ros2_ws/install/ros2_control_demo_example_15:/home/samuel/Desktop/ESDA-Asterius-Mk2-ROS2-Control/ros2_ws/install/ros2_control_demo_example_13:/home/samuel/Desktop/ESDA-Asterius-Mk2-ROS2-Control/ros2_ws/install/ros2_control_demo_example_5:/home/samuel/Desktop/ESDA-Asterius-Mk2-ROS2-Control/ros2_ws/install/ros2_control_demo_example_4:/home/samuel/Desktop/ESDA-Asterius-Mk2-ROS2-Control/ros2_ws/install/ros2_control_demo_example_3:/home/samuel/Desktop/ESDA-Asterius-Mk2-ROS2-Control/ros2_ws/install/ros2_control_demo_example_2:/home/samuel/Desktop/ESDA-Asterius-Mk2-ROS2-Control/ros2_ws/install/ros2_control_demo_example_14:/home/samuel/Desktop/ESDA-Asterius-Mk2-ROS2-Control/ros2_ws/install/ros2_control_demo_example_12:/home/samuel/Desktop/ESDA-Asterius-Mk2-ROS2-Control/ros2_ws/install/ros2_control_demo_example_11:/home/samuel/Desktop/ESDA-Asterius-Mk2-ROS2-Control/ros2_ws/install/ros2_control_demo_example_10:/home/samuel/Desktop/ESDA-Asterius-Mk2-ROS2-Control/ros2_ws/install/ros2_control_demo_example_1:/opt/ros/humble /usr/bin/cmake --install /home/samuel/Desktop/ESDA-Asterius-Mk2-ROS2-Control/ros2_ws/build/ros2_control_demo_example_3
[5.010s] -- Install configuration: ""
[5.012s] -- Installing: /home/samuel/Desktop/ESDA-Asterius-Mk2-ROS2-Control/ros2_ws/install/ros2_control_demo_example_3/share/ros2_control_demo_example_3/ros2_control_demo_example_3.xml
[5.013s] -- Installing: /home/samuel/Desktop/ESDA-Asterius-Mk2-ROS2-Control/ros2_ws/install/ros2_control_demo_example_3/include/ros2_control_demo_example_3
[5.013s] -- Installing: /home/samuel/Desktop/ESDA-Asterius-Mk2-ROS2-Control/ros2_ws/install/ros2_control_demo_example_3/include/ros2_control_demo_example_3/ros2_control_demo_example_3
[5.013s] -- Installing: /home/samuel/Desktop/ESDA-Asterius-Mk2-ROS2-Control/ros2_ws/install/ros2_control_demo_example_3/include/ros2_control_demo_example_3/ros2_control_demo_example_3/rrbot_system_multi_interface.hpp
[5.013s] -- Installing: /home/samuel/Desktop/ESDA-Asterius-Mk2-ROS2-Control/ros2_ws/install/ros2_control_demo_example_3/share/ros2_control_demo_example_3/launch
[5.013s] -- Installing: /home/samuel/Desktop/ESDA-Asterius-Mk2-ROS2-Control/ros2_ws/install/ros2_control_demo_example_3/share/ros2_control_demo_example_3/launch/view_robot.launch.py
[5.013s] -- Installing: /home/samuel/Desktop/ESDA-Asterius-Mk2-ROS2-Control/ros2_ws/install/ros2_control_demo_example_3/share/ros2_control_demo_example_3/ros2_control
[5.013s] -- Installing: /home/samuel/Desktop/ESDA-Asterius-Mk2-ROS2-Control/ros2_ws/install/ros2_control_demo_example_3/share/ros2_control_demo_example_3/ros2_control/rrbot_system_multi_interface.ros2_control.xacro
[5.013s] -- Installing: /home/samuel/Desktop/ESDA-Asterius-Mk2-ROS2-Control/ros2_ws/install/ros2_control_demo_example_3/share/ros2_control_demo_example_3/urdf
[5.013s] -- Installing: /home/samuel/Desktop/ESDA-Asterius-Mk2-ROS2-Control/ros2_ws/install/ros2_control_demo_example_3/share/ros2_control_demo_example_3/urdf/rrbot_system_multi_interface.urdf.xacro
[5.013s] -- Up-to-date: /home/samuel/Desktop/ESDA-Asterius-Mk2-ROS2-Control/ros2_ws/install/ros2_control_demo_example_3/share/ros2_control_demo_example_3/launch
[5.013s] -- Installing: /home/samuel/Desktop/ESDA-Asterius-Mk2-ROS2-Control/ros2_ws/install/ros2_control_demo_example_3/share/ros2_control_demo_example_3/launch/test_forward_position_controller.launch.py
[5.013s] -- Installing: /home/samuel/Desktop/ESDA-Asterius-Mk2-ROS2-Control/ros2_ws/install/ros2_control_demo_example_3/share/ros2_control_demo_example_3/launch/rrbot_system_multi_interface.launch.py
[5.013s] -- Installing: /home/samuel/Desktop/ESDA-Asterius-Mk2-ROS2-Control/ros2_ws/install/ros2_control_demo_example_3/share/ros2_control_demo_example_3/config
[5.013s] -- Installing: /home/samuel/Desktop/ESDA-Asterius-Mk2-ROS2-Control/ros2_ws/install/ros2_control_demo_example_3/share/ros2_control_demo_example_3/config/rrbot_forward_position_publisher.yaml
[5.013s] -- Installing: /home/samuel/Desktop/ESDA-Asterius-Mk2-ROS2-Control/ros2_ws/install/ros2_control_demo_example_3/share/ros2_control_demo_example_3/config/rrbot_multi_interface_forward_controllers.yaml
[5.013s] -- Installing: /home/samuel/Desktop/ESDA-Asterius-Mk2-ROS2-Control/ros2_ws/install/ros2_control_demo_example_3/lib/libros2_control_demo_example_3.so
[5.014s] -- Set runtime path of "/home/samuel/Desktop/ESDA-Asterius-Mk2-ROS2-Control/ros2_ws/install/ros2_control_demo_example_3/lib/libros2_control_demo_example_3.so" to ""
[5.014s] -- Installing: /home/samuel/Desktop/ESDA-Asterius-Mk2-ROS2-Control/ros2_ws/install/ros2_control_demo_example_3/share/ros2_control_demo_example_3/environment/library_path.sh
[5.014s] -- Installing: /home/samuel/Desktop/ESDA-Asterius-Mk2-ROS2-Control/ros2_ws/install/ros2_control_demo_example_3/share/ros2_control_demo_example_3/environment/library_path.dsv
[5.014s] -- Installing: /home/samuel/Desktop/ESDA-Asterius-Mk2-ROS2-Control/ros2_ws/install/ros2_control_demo_example_3/share/ament_index/resource_index/package_run_dependencies/ros2_control_demo_example_3
[5.014s] -- Installing: /home/samuel/Desktop/ESDA-Asterius-Mk2-ROS2-Control/ros2_ws/install/ros2_control_demo_example_3/share/ament_index/resource_index/parent_prefix_path/ros2_control_demo_example_3
[5.014s] -- Installing: /home/samuel/Desktop/ESDA-Asterius-Mk2-ROS2-Control/ros2_ws/install/ros2_control_demo_example_3/share/ros2_control_demo_example_3/environment/ament_prefix_path.sh
[5.014s] -- Installing: /home/samuel/Desktop/ESDA-Asterius-Mk2-ROS2-Control/ros2_ws/install/ros2_control_demo_example_3/share/ros2_control_demo_example_3/environment/ament_prefix_path.dsv
[5.014s] -- Installing: /home/samuel/Desktop/ESDA-Asterius-Mk2-ROS2-Control/ros2_ws/install/ros2_control_demo_example_3/share/ros2_control_demo_example_3/environment/path.sh
[5.014s] -- Installing: /home/samuel/Desktop/ESDA-Asterius-Mk2-ROS2-Control/ros2_ws/install/ros2_control_demo_example_3/share/ros2_control_demo_example_3/environment/path.dsv
[5.014s] -- Installing: /home/samuel/Desktop/ESDA-Asterius-Mk2-ROS2-Control/ros2_ws/install/ros2_control_demo_example_3/share/ros2_control_demo_example_3/local_setup.bash
[5.014s] -- Installing: /home/samuel/Desktop/ESDA-Asterius-Mk2-ROS2-Control/ros2_ws/install/ros2_control_demo_example_3/share/ros2_control_demo_example_3/local_setup.sh
[5.014s] -- Installing: /home/samuel/Desktop/ESDA-Asterius-Mk2-ROS2-Control/ros2_ws/install/ros2_control_demo_example_3/share/ros2_control_demo_example_3/local_setup.zsh
[5.014s] -- Installing: /home/samuel/Desktop/ESDA-Asterius-Mk2-ROS2-Control/ros2_ws/install/ros2_control_demo_example_3/share/ros2_control_demo_example_3/local_setup.dsv
[5.014s] -- Installing: /home/samuel/Desktop/ESDA-Asterius-Mk2-ROS2-Control/ros2_ws/install/ros2_control_demo_example_3/share/ros2_control_demo_example_3/package.dsv
[5.014s] -- Installing: /home/samuel/Desktop/ESDA-Asterius-Mk2-ROS2-Control/ros2_ws/install/ros2_control_demo_example_3/share/ament_index/resource_index/packages/ros2_control_demo_example_3
[5.014s] -- Installing: /home/samuel/Desktop/ESDA-Asterius-Mk2-ROS2-Control/ros2_ws/install/ros2_control_demo_example_3/share/ament_index/resource_index/hardware_interface__pluginlib__plugin/ros2_control_demo_example_3
[5.014s] -- Installing: /home/samuel/Desktop/ESDA-Asterius-Mk2-ROS2-Control/ros2_ws/install/ros2_control_demo_example_3/share/ros2_control_demo_example_3/cmake/export_ros2_control_demo_example_3Export.cmake
[5.015s] -- Installing: /home/samuel/Desktop/ESDA-Asterius-Mk2-ROS2-Control/ros2_ws/install/ros2_control_demo_example_3/share/ros2_control_demo_example_3/cmake/export_ros2_control_demo_example_3Export-noconfig.cmake
[5.015s] -- Installing: /home/samuel/Desktop/ESDA-Asterius-Mk2-ROS2-Control/ros2_ws/install/ros2_control_demo_example_3/share/ros2_control_demo_example_3/cmake/ament_cmake_export_targets-extras.cmake
[5.015s] -- Installing: /home/samuel/Desktop/ESDA-Asterius-Mk2-ROS2-Control/ros2_ws/install/ros2_control_demo_example_3/share/ros2_control_demo_example_3/cmake/ament_cmake_export_dependencies-extras.cmake
[5.015s] -- Installing: /home/samuel/Desktop/ESDA-Asterius-Mk2-ROS2-Control/ros2_ws/install/ros2_control_demo_example_3/share/ros2_control_demo_example_3/cmake/ros2_control_demo_example_3Config.cmake
[5.015s] -- Installing: /home/samuel/Desktop/ESDA-Asterius-Mk2-ROS2-Control/ros2_ws/install/ros2_control_demo_example_3/share/ros2_control_demo_example_3/cmake/ros2_control_demo_example_3Config-version.cmake
[5.015s] -- Installing: /home/samuel/Desktop/ESDA-Asterius-Mk2-ROS2-Control/ros2_ws/install/ros2_control_demo_example_3/share/ros2_control_demo_example_3/package.xml
[5.017s] Invoked command in '/home/samuel/Desktop/ESDA-Asterius-Mk2-ROS2-Control/ros2_ws/build/ros2_control_demo_example_3' returned '0': CMAKE_PREFIX_PATH=/home/samuel/Desktop/ESDA-Asterius-Mk2-ROS2-Control/ros2_ws/install/ros2_control_demo_description:/home/samuel/Desktop/ESDA-Asterius-Mk2-ROS2-Control/ros2_ws/install/ros2_control_demos:/home/samuel/Desktop/ESDA-Asterius-Mk2-ROS2-Control/ros2_ws/install/ros2_control_demo_example_9:/home/samuel/Desktop/ESDA-Asterius-Mk2-ROS2-Control/ros2_ws/install/ros2_control_demo_example_8:/home/samuel/Desktop/ESDA-Asterius-Mk2-ROS2-Control/ros2_ws/install/ros2_control_demo_example_7:/home/samuel/Desktop/ESDA-Asterius-Mk2-ROS2-Control/ros2_ws/install/ros2_control_demo_example_6:/home/samuel/Desktop/ESDA-Asterius-Mk2-ROS2-Control/ros2_ws/install/ros2_control_demo_example_15:/home/samuel/Desktop/ESDA-Asterius-Mk2-ROS2-Control/ros2_ws/install/ros2_control_demo_example_13:/home/samuel/Desktop/ESDA-Asterius-Mk2-ROS2-Control/ros2_ws/install/ros2_control_demo_example_5:/home/samuel/Desktop/ESDA-Asterius-Mk2-ROS2-Control/ros2_ws/install/ros2_control_demo_example_4:/home/samuel/Desktop/ESDA-Asterius-Mk2-ROS2-Control/ros2_ws/install/ros2_control_demo_example_3:/home/samuel/Desktop/ESDA-Asterius-Mk2-ROS2-Control/ros2_ws/install/ros2_control_demo_example_2:/home/samuel/Desktop/ESDA-Asterius-Mk2-ROS2-Control/ros2_ws/install/ros2_control_demo_example_14:/home/samuel/Desktop/ESDA-Asterius-Mk2-ROS2-Control/ros2_ws/install/ros2_control_demo_example_12:/home/samuel/Desktop/ESDA-Asterius-Mk2-ROS2-Control/ros2_ws/install/ros2_control_demo_example_11:/home/samuel/Desktop/ESDA-Asterius-Mk2-ROS2-Control/ros2_ws/install/ros2_control_demo_example_10:/home/samuel/Desktop/ESDA-Asterius-Mk2-ROS2-Control/ros2_ws/install/ros2_control_demo_example_1:/opt/ros/humble /usr/bin/cmake --install /home/samuel/Desktop/ESDA-Asterius-Mk2-ROS2-Control/ros2_ws/build/ros2_control_demo_example_3
