[0.026s] Invoking command in '/home/samuel/Desktop/ESDA-Asterius-Mk2-ROS2-Control/ros2_ws/build/ros2_control_demo_example_5': AMENT_PREFIX_PATH=/home/samuel/Desktop/ESDA-Asterius-Mk2-ROS2-Control/ros2_ws/install/ros2_control_demo_description:${AMENT_PREFIX_PATH} CMAKE_PREFIX_PATH=/home/samuel/Desktop/ESDA-Asterius-Mk2-ROS2-Control/ros2_ws/install/ros2_control_demo_description:/opt/ros/humble /usr/bin/cmake --build /home/samuel/Desktop/ESDA-Asterius-Mk2-ROS2-Control/ros2_ws/build/ros2_control_demo_example_5 -- -j20 -l20
[0.073s] [100%] Built target ros2_control_demo_example_5
[0.089s] Invoked command in '/home/samuel/Desktop/ESDA-Asterius-Mk2-ROS2-Control/ros2_ws/build/ros2_control_demo_example_5' returned '0': AMENT_PREFIX_PATH=/home/samuel/Desktop/ESDA-Asterius-Mk2-ROS2-Control/ros2_ws/install/ros2_control_demo_description:${AMENT_PREFIX_PATH} CMAKE_PREFIX_PATH=/home/samuel/Desktop/ESDA-Asterius-Mk2-ROS2-Control/ros2_ws/install/ros2_control_demo_description:/opt/ros/humble /usr/bin/cmake --build /home/samuel/Desktop/ESDA-Asterius-Mk2-ROS2-Control/ros2_ws/build/ros2_control_demo_example_5 -- -j20 -l20
[0.095s] Invoking command in '/home/samuel/Desktop/ESDA-Asterius-Mk2-ROS2-Control/ros2_ws/build/ros2_control_demo_example_5': AMENT_PREFIX_PATH=/home/samuel/Desktop/ESDA-Asterius-Mk2-ROS2-Control/ros2_ws/install/ros2_control_demo_description:${AMENT_PREFIX_PATH} CMAKE_PREFIX_PATH=/home/samuel/Desktop/ESDA-Asterius-Mk2-ROS2-Control/ros2_ws/install/ros2_control_demo_description:/opt/ros/humble /usr/bin/cmake --install /home/samuel/Desktop/ESDA-Asterius-Mk2-ROS2-Control/ros2_ws/build/ros2_control_demo_example_5
[0.100s] -- Install configuration: ""
[0.102s] -- Execute custom install script
[0.103s] -- Up-to-date symlink: /home/samuel/Desktop/ESDA-Asterius-Mk2-ROS2-Control/ros2_ws/install/ros2_control_demo_example_5/share/ros2_control_demo_example_5//ros2_control_demo_example_5.xml
[0.103s] -- Up-to-date symlink: /home/samuel/Desktop/ESDA-Asterius-Mk2-ROS2-Control/ros2_ws/install/ros2_control_demo_example_5/include/ros2_control_demo_example_5/ros2_control_demo_example_5/external_rrbot_force_torque_sensor.hpp
[0.103s] -- Up-to-date symlink: /home/samuel/Desktop/ESDA-Asterius-Mk2-ROS2-Control/ros2_ws/install/ros2_control_demo_example_5/include/ros2_control_demo_example_5/ros2_control_demo_example_5/rrbot.hpp
[0.105s] -- Up-to-date symlink: /home/samuel/Desktop/ESDA-Asterius-Mk2-ROS2-Control/ros2_ws/install/ros2_control_demo_example_5/share/ros2_control_demo_example_5/launch/view_robot.launch.py
[0.108s] -- Up-to-date symlink: /home/samuel/Desktop/ESDA-Asterius-Mk2-ROS2-Control/ros2_ws/install/ros2_control_demo_example_5/share/ros2_control_demo_example_5/ros2_control/external_rrbot_force_torque_sensor.ros2_control.xacro
[0.108s] -- Up-to-date symlink: /home/samuel/Desktop/ESDA-Asterius-Mk2-ROS2-Control/ros2_ws/install/ros2_control_demo_example_5/share/ros2_control_demo_example_5/ros2_control/rrbot_system_position_only.ros2_control.xacro
[0.108s] -- Up-to-date symlink: /home/samuel/Desktop/ESDA-Asterius-Mk2-ROS2-Control/ros2_ws/install/ros2_control_demo_example_5/share/ros2_control_demo_example_5/urdf/rrbot_system_with_external_sensor.urdf.xacro
[0.108s] -- Up-to-date symlink: /home/samuel/Desktop/ESDA-Asterius-Mk2-ROS2-Control/ros2_ws/install/ros2_control_demo_example_5/share/ros2_control_demo_example_5/rviz/rrbot.rviz
[0.109s] -- Up-to-date symlink: /home/samuel/Desktop/ESDA-Asterius-Mk2-ROS2-Control/ros2_ws/install/ros2_control_demo_example_5/share/ros2_control_demo_example_5/launch/rrbot_system_with_external_sensor.launch.py
[0.109s] -- Up-to-date symlink: /home/samuel/Desktop/ESDA-Asterius-Mk2-ROS2-Control/ros2_ws/install/ros2_control_demo_example_5/share/ros2_control_demo_example_5/launch/test_forward_position_controller.launch.py
[0.109s] -- Up-to-date symlink: /home/samuel/Desktop/ESDA-Asterius-Mk2-ROS2-Control/ros2_ws/install/ros2_control_demo_example_5/share/ros2_control_demo_example_5/config/rrbot_forward_position_publisher.yaml
[0.109s] -- Up-to-date symlink: /home/samuel/Desktop/ESDA-Asterius-Mk2-ROS2-Control/ros2_ws/install/ros2_control_demo_example_5/share/ros2_control_demo_example_5/config/rrbot_with_external_sensor_controllers.yaml
[0.109s] -- Up-to-date symlink: /home/samuel/Desktop/ESDA-Asterius-Mk2-ROS2-Control/ros2_ws/install/ros2_control_demo_example_5/share/ros2_control_demo_example_5/environment/library_path.sh
[0.109s] -- Up-to-date symlink: /home/samuel/Desktop/ESDA-Asterius-Mk2-ROS2-Control/ros2_ws/install/ros2_control_demo_example_5/share/ros2_control_demo_example_5/environment/library_path.dsv
[0.109s] -- Up-to-date symlink: /home/samuel/Desktop/ESDA-Asterius-Mk2-ROS2-Control/ros2_ws/install/ros2_control_demo_example_5/share/ament_index/resource_index/package_run_dependencies/ros2_control_demo_example_5
[0.109s] -- Up-to-date symlink: /home/samuel/Desktop/ESDA-Asterius-Mk2-ROS2-Control/ros2_ws/install/ros2_control_demo_example_5/share/ament_index/resource_index/parent_prefix_path/ros2_control_demo_example_5
[0.109s] -- Up-to-date symlink: /home/samuel/Desktop/ESDA-Asterius-Mk2-ROS2-Control/ros2_ws/install/ros2_control_demo_example_5/share/ros2_control_demo_example_5/environment/ament_prefix_path.sh
[0.109s] -- Up-to-date symlink: /home/samuel/Desktop/ESDA-Asterius-Mk2-ROS2-Control/ros2_ws/install/ros2_control_demo_example_5/share/ros2_control_demo_example_5/environment/ament_prefix_path.dsv
[0.109s] -- Up-to-date symlink: /home/samuel/Desktop/ESDA-Asterius-Mk2-ROS2-Control/ros2_ws/install/ros2_control_demo_example_5/share/ros2_control_demo_example_5/environment/path.sh
[0.109s] -- Up-to-date symlink: /home/samuel/Desktop/ESDA-Asterius-Mk2-ROS2-Control/ros2_ws/install/ros2_control_demo_example_5/share/ros2_control_demo_example_5/environment/path.dsv
[0.110s] -- Up-to-date symlink: /home/samuel/Desktop/ESDA-Asterius-Mk2-ROS2-Control/ros2_ws/install/ros2_control_demo_example_5/share/ros2_control_demo_example_5/local_setup.bash
[0.110s] -- Up-to-date symlink: /home/samuel/Desktop/ESDA-Asterius-Mk2-ROS2-Control/ros2_ws/install/ros2_control_demo_example_5/share/ros2_control_demo_example_5/local_setup.sh
[0.110s] -- Up-to-date symlink: /home/samuel/Desktop/ESDA-Asterius-Mk2-ROS2-Control/ros2_ws/install/ros2_control_demo_example_5/share/ros2_control_demo_example_5/local_setup.zsh
[0.110s] -- Up-to-date symlink: /home/samuel/Desktop/ESDA-Asterius-Mk2-ROS2-Control/ros2_ws/install/ros2_control_demo_example_5/share/ros2_control_demo_example_5/local_setup.dsv
[0.110s] -- Symlinking: /home/samuel/Desktop/ESDA-Asterius-Mk2-ROS2-Control/ros2_ws/install/ros2_control_demo_example_5/share/ros2_control_demo_example_5/package.dsv
[0.115s] -- Up-to-date symlink: /home/samuel/Desktop/ESDA-Asterius-Mk2-ROS2-Control/ros2_ws/install/ros2_control_demo_example_5/share/ament_index/resource_index/packages/ros2_control_demo_example_5
[0.115s] -- Up-to-date symlink: /home/samuel/Desktop/ESDA-Asterius-Mk2-ROS2-Control/ros2_ws/install/ros2_control_demo_example_5/share/ament_index/resource_index/hardware_interface__pluginlib__plugin/ros2_control_demo_example_5
[0.120s] -- Up-to-date symlink: /home/samuel/Desktop/ESDA-Asterius-Mk2-ROS2-Control/ros2_ws/install/ros2_control_demo_example_5/share/ros2_control_demo_example_5/cmake/ament_cmake_export_targets-extras.cmake
[0.120s] -- Up-to-date symlink: /home/samuel/Desktop/ESDA-Asterius-Mk2-ROS2-Control/ros2_ws/install/ros2_control_demo_example_5/share/ros2_control_demo_example_5/cmake/ament_cmake_export_dependencies-extras.cmake
[0.121s] -- Up-to-date symlink: /home/samuel/Desktop/ESDA-Asterius-Mk2-ROS2-Control/ros2_ws/install/ros2_control_demo_example_5/share/ros2_control_demo_example_5/cmake/ros2_control_demo_example_5Config.cmake
[0.121s] -- Up-to-date symlink: /home/samuel/Desktop/ESDA-Asterius-Mk2-ROS2-Control/ros2_ws/install/ros2_control_demo_example_5/share/ros2_control_demo_example_5/cmake/ros2_control_demo_example_5Config-version.cmake
[0.122s] -- Up-to-date symlink: /home/samuel/Desktop/ESDA-Asterius-Mk2-ROS2-Control/ros2_ws/install/ros2_control_demo_example_5/share/ros2_control_demo_example_5/package.xml
[0.122s] -- Up-to-date: /home/samuel/Desktop/ESDA-Asterius-Mk2-ROS2-Control/ros2_ws/install/ros2_control_demo_example_5/lib/libros2_control_demo_example_5.so
[0.122s] -- Up-to-date: /home/samuel/Desktop/ESDA-Asterius-Mk2-ROS2-Control/ros2_ws/install/ros2_control_demo_example_5/share/ros2_control_demo_example_5/cmake/export_ros2_control_demo_example_5Export.cmake
[0.122s] -- Up-to-date: /home/samuel/Desktop/ESDA-Asterius-Mk2-ROS2-Control/ros2_ws/install/ros2_control_demo_example_5/share/ros2_control_demo_example_5/cmake/export_ros2_control_demo_example_5Export-noconfig.cmake
[0.134s] Invoked command in '/home/samuel/Desktop/ESDA-Asterius-Mk2-ROS2-Control/ros2_ws/build/ros2_control_demo_example_5' returned '0': AMENT_PREFIX_PATH=/home/samuel/Desktop/ESDA-Asterius-Mk2-ROS2-Control/ros2_ws/install/ros2_control_demo_description:${AMENT_PREFIX_PATH} CMAKE_PREFIX_PATH=/home/samuel/Desktop/ESDA-Asterius-Mk2-ROS2-Control/ros2_ws/install/ros2_control_demo_description:/opt/ros/humble /usr/bin/cmake --install /home/samuel/Desktop/ESDA-Asterius-Mk2-ROS2-Control/ros2_ws/build/ros2_control_demo_example_5
