[0.040s] Invoking command in '/home/samuel/Desktop/ESDA-Asterius-Mk2-ROS2-Control/ros2_ws/build/ros2_control_demo_example_10': CMAKE_PREFIX_PATH=${CMAKE_PREFIX_PATH}:/home/samuel/Desktop/ITS-Robot-Arm/ros2_ws/install/my_sphere_pkg:/home/samuel/Desktop/ITS-Robot-Arm/ros2_ws/install/my_environment_pkg:/home/samuel/Desktop/ITS-Robot-Arm/ros2_ws/install/my_doosan_pkg:/opt/ros/humble /usr/bin/cmake /home/samuel/Desktop/ESDA-Asterius-Mk2-ROS2-Control/ros2_ws/src/ros2_control_demos/example_10 -DAMENT_CMAKE_SYMLINK_INSTALL=1 -DCMAKE_INSTALL_PREFIX=/home/samuel/Desktop/ESDA-Asterius-Mk2-ROS2-Control/ros2_ws/install/ros2_control_demo_example_10
[0.086s] -- The CXX compiler identification is GNU 11.4.0
[0.091s] -- Detecting CXX compiler ABI info
[0.155s] -- Detecting CXX compiler ABI info - done
[0.163s] -- Check for working CXX compiler: /usr/bin/c++ - skipped
[0.163s] -- Detecting CXX compile features
[0.164s] -- Detecting CXX compile features - done
[0.169s] -- Found ament_cmake: 1.3.11 (/opt/ros/humble/share/ament_cmake/cmake)
[0.317s] -- Found Python3: /usr/bin/python3 (found version "3.10.12") found components: Interpreter 
[0.384s] -- Override CMake install command with custom implementation using symlinks instead of copying resources
[0.406s] -- Found hardware_interface: 2.50.0 (/opt/ros/humble/share/hardware_interface/cmake)
[0.434s] -- Found rosidl_generator_c: 3.1.6 (/opt/ros/humble/share/rosidl_generator_c/cmake)
[0.437s] -- Found rosidl_adapter: 3.1.6 (/opt/ros/humble/share/rosidl_adapter/cmake)
[0.443s] -- Found rosidl_generator_cpp: 3.1.6 (/opt/ros/humble/share/rosidl_generator_cpp/cmake)
[0.452s] -- Using all available rosidl_typesupport_c: rosidl_typesupport_fastrtps_c;rosidl_typesupport_introspection_c
[0.463s] -- Using all available rosidl_typesupport_cpp: rosidl_typesupport_fastrtps_cpp;rosidl_typesupport_introspection_cpp
[0.601s] -- Found rmw_implementation_cmake: 6.1.2 (/opt/ros/humble/share/rmw_implementation_cmake/cmake)
[0.603s] -- Found rmw_fastrtps_cpp: 6.2.7 (/opt/ros/humble/share/rmw_fastrtps_cpp/cmake)
[0.622s] -- Found TinyXML2 via Config file: TinyXML2_DIR-NOTFOUND
[0.657s] -- Found OpenSSL: /usr/lib/x86_64-linux-gnu/libcrypto.so (found version "3.0.2")  
[0.660s] -- Found TinyXML2 via Config file: TinyXML2_DIR-NOTFOUND
[0.673s] -- Found FastRTPS: /opt/ros/humble/include  
[0.675s] -- Found TinyXML2 via Config file: TinyXML2_DIR-NOTFOUND
[0.683s] -- Found TinyXML2 via Config file: TinyXML2_DIR-NOTFOUND
[0.693s] -- Using RMW implementation 'rmw_fastrtps_cpp' as default
[0.700s] -- Looking for C++ include pthread.h
[0.802s] -- Looking for C++ include pthread.h - found
[0.802s] -- Performing Test CMAKE_HAVE_LIBC_PTHREAD
[0.903s] -- Performing Test CMAKE_HAVE_LIBC_PTHREAD - Success
[0.904s] -- Found Threads: TRUE  
[0.971s] -- Found ament_cmake_pytest: 1.3.11 (/opt/ros/humble/share/ament_cmake_pytest/cmake)
[1.929s] -- Configuring done
[1.956s] -- Generating done
[1.962s] -- Build files have been written to: /home/samuel/Desktop/ESDA-Asterius-Mk2-ROS2-Control/ros2_ws/build/ros2_control_demo_example_10
[1.976s] Invoked command in '/home/samuel/Desktop/ESDA-Asterius-Mk2-ROS2-Control/ros2_ws/build/ros2_control_demo_example_10' returned '0': CMAKE_PREFIX_PATH=${CMAKE_PREFIX_PATH}:/home/samuel/Desktop/ITS-Robot-Arm/ros2_ws/install/my_sphere_pkg:/home/samuel/Desktop/ITS-Robot-Arm/ros2_ws/install/my_environment_pkg:/home/samuel/Desktop/ITS-Robot-Arm/ros2_ws/install/my_doosan_pkg:/opt/ros/humble /usr/bin/cmake /home/samuel/Desktop/ESDA-Asterius-Mk2-ROS2-Control/ros2_ws/src/ros2_control_demos/example_10 -DAMENT_CMAKE_SYMLINK_INSTALL=1 -DCMAKE_INSTALL_PREFIX=/home/samuel/Desktop/ESDA-Asterius-Mk2-ROS2-Control/ros2_ws/install/ros2_control_demo_example_10
[1.978s] Invoking command in '/home/samuel/Desktop/ESDA-Asterius-Mk2-ROS2-Control/ros2_ws/build/ros2_control_demo_example_10': CMAKE_PREFIX_PATH=${CMAKE_PREFIX_PATH}:/home/samuel/Desktop/ITS-Robot-Arm/ros2_ws/install/my_sphere_pkg:/home/samuel/Desktop/ITS-Robot-Arm/ros2_ws/install/my_environment_pkg:/home/samuel/Desktop/ITS-Robot-Arm/ros2_ws/install/my_doosan_pkg:/opt/ros/humble /usr/bin/cmake --build /home/samuel/Desktop/ESDA-Asterius-Mk2-ROS2-Control/ros2_ws/build/ros2_control_demo_example_10 -- -j20 -l20
[2.038s] [ 50%] [32mBuilding CXX object CMakeFiles/ros2_control_demo_example_10.dir/hardware/rrbot.cpp.o[0m
[5.291s] [100%] [32m[1mLinking CXX shared library libros2_control_demo_example_10.so[0m
[5.423s] [100%] Built target ros2_control_demo_example_10
[5.435s] Invoked command in '/home/samuel/Desktop/ESDA-Asterius-Mk2-ROS2-Control/ros2_ws/build/ros2_control_demo_example_10' returned '0': CMAKE_PREFIX_PATH=${CMAKE_PREFIX_PATH}:/home/samuel/Desktop/ITS-Robot-Arm/ros2_ws/install/my_sphere_pkg:/home/samuel/Desktop/ITS-Robot-Arm/ros2_ws/install/my_environment_pkg:/home/samuel/Desktop/ITS-Robot-Arm/ros2_ws/install/my_doosan_pkg:/opt/ros/humble /usr/bin/cmake --build /home/samuel/Desktop/ESDA-Asterius-Mk2-ROS2-Control/ros2_ws/build/ros2_control_demo_example_10 -- -j20 -l20
[5.439s] Invoking command in '/home/samuel/Desktop/ESDA-Asterius-Mk2-ROS2-Control/ros2_ws/build/ros2_control_demo_example_10': CMAKE_PREFIX_PATH=${CMAKE_PREFIX_PATH}:/home/samuel/Desktop/ITS-Robot-Arm/ros2_ws/install/my_sphere_pkg:/home/samuel/Desktop/ITS-Robot-Arm/ros2_ws/install/my_environment_pkg:/home/samuel/Desktop/ITS-Robot-Arm/ros2_ws/install/my_doosan_pkg:/opt/ros/humble /usr/bin/cmake --install /home/samuel/Desktop/ESDA-Asterius-Mk2-ROS2-Control/ros2_ws/build/ros2_control_demo_example_10
[5.446s] -- Install configuration: ""
[5.446s] -- Execute custom install script
[5.447s] -- Symlinking: /home/samuel/Desktop/ESDA-Asterius-Mk2-ROS2-Control/ros2_ws/install/ros2_control_demo_example_10/share/ros2_control_demo_example_10//ros2_control_demo_example_10.xml
[5.456s] -- Symlinking: /home/samuel/Desktop/ESDA-Asterius-Mk2-ROS2-Control/ros2_ws/install/ros2_control_demo_example_10/include/ros2_control_demo_example_10/ros2_control_demo_example_10/rrbot.hpp
[5.464s] -- Symlinking: /home/samuel/Desktop/ESDA-Asterius-Mk2-ROS2-Control/ros2_ws/install/ros2_control_demo_example_10/share/ros2_control_demo_example_10/launch/view_robot.launch.py
[5.474s] -- Symlinking: /home/samuel/Desktop/ESDA-Asterius-Mk2-ROS2-Control/ros2_ws/install/ros2_control_demo_example_10/share/ros2_control_demo_example_10/ros2_control/rrbot.ros2_control.xacro
[5.484s] -- Symlinking: /home/samuel/Desktop/ESDA-Asterius-Mk2-ROS2-Control/ros2_ws/install/ros2_control_demo_example_10/share/ros2_control_demo_example_10/urdf/rrbot.urdf.xacro
[5.493s] -- Symlinking: /home/samuel/Desktop/ESDA-Asterius-Mk2-ROS2-Control/ros2_ws/install/ros2_control_demo_example_10/share/ros2_control_demo_example_10/launch/rrbot.launch.py
[5.503s] -- Symlinking: /home/samuel/Desktop/ESDA-Asterius-Mk2-ROS2-Control/ros2_ws/install/ros2_control_demo_example_10/share/ros2_control_demo_example_10/launch/test_forward_position_controller.launch.py
[5.512s] -- Symlinking: /home/samuel/Desktop/ESDA-Asterius-Mk2-ROS2-Control/ros2_ws/install/ros2_control_demo_example_10/share/ros2_control_demo_example_10/config/rrbot_controllers.yaml
[5.521s] -- Symlinking: /home/samuel/Desktop/ESDA-Asterius-Mk2-ROS2-Control/ros2_ws/install/ros2_control_demo_example_10/share/ros2_control_demo_example_10/config/rrbot_forward_position_publisher.yaml
[5.529s] -- Symlinking: /home/samuel/Desktop/ESDA-Asterius-Mk2-ROS2-Control/ros2_ws/install/ros2_control_demo_example_10/share/ros2_control_demo_example_10/environment/library_path.sh
[5.538s] -- Symlinking: /home/samuel/Desktop/ESDA-Asterius-Mk2-ROS2-Control/ros2_ws/install/ros2_control_demo_example_10/share/ros2_control_demo_example_10/environment/library_path.dsv
[5.547s] -- Symlinking: /home/samuel/Desktop/ESDA-Asterius-Mk2-ROS2-Control/ros2_ws/install/ros2_control_demo_example_10/share/ament_index/resource_index/package_run_dependencies/ros2_control_demo_example_10
[5.556s] -- Symlinking: /home/samuel/Desktop/ESDA-Asterius-Mk2-ROS2-Control/ros2_ws/install/ros2_control_demo_example_10/share/ament_index/resource_index/parent_prefix_path/ros2_control_demo_example_10
[5.565s] -- Symlinking: /home/samuel/Desktop/ESDA-Asterius-Mk2-ROS2-Control/ros2_ws/install/ros2_control_demo_example_10/share/ros2_control_demo_example_10/environment/ament_prefix_path.sh
[5.574s] -- Symlinking: /home/samuel/Desktop/ESDA-Asterius-Mk2-ROS2-Control/ros2_ws/install/ros2_control_demo_example_10/share/ros2_control_demo_example_10/environment/ament_prefix_path.dsv
[5.583s] -- Symlinking: /home/samuel/Desktop/ESDA-Asterius-Mk2-ROS2-Control/ros2_ws/install/ros2_control_demo_example_10/share/ros2_control_demo_example_10/environment/path.sh
[5.592s] -- Symlinking: /home/samuel/Desktop/ESDA-Asterius-Mk2-ROS2-Control/ros2_ws/install/ros2_control_demo_example_10/share/ros2_control_demo_example_10/environment/path.dsv
[5.601s] -- Symlinking: /home/samuel/Desktop/ESDA-Asterius-Mk2-ROS2-Control/ros2_ws/install/ros2_control_demo_example_10/share/ros2_control_demo_example_10/local_setup.bash
[5.610s] -- Symlinking: /home/samuel/Desktop/ESDA-Asterius-Mk2-ROS2-Control/ros2_ws/install/ros2_control_demo_example_10/share/ros2_control_demo_example_10/local_setup.sh
[5.618s] -- Symlinking: /home/samuel/Desktop/ESDA-Asterius-Mk2-ROS2-Control/ros2_ws/install/ros2_control_demo_example_10/share/ros2_control_demo_example_10/local_setup.zsh
[5.625s] -- Symlinking: /home/samuel/Desktop/ESDA-Asterius-Mk2-ROS2-Control/ros2_ws/install/ros2_control_demo_example_10/share/ros2_control_demo_example_10/local_setup.dsv
[5.633s] -- Symlinking: /home/samuel/Desktop/ESDA-Asterius-Mk2-ROS2-Control/ros2_ws/install/ros2_control_demo_example_10/share/ros2_control_demo_example_10/package.dsv
[5.639s] -- Symlinking: /home/samuel/Desktop/ESDA-Asterius-Mk2-ROS2-Control/ros2_ws/install/ros2_control_demo_example_10/share/ament_index/resource_index/packages/ros2_control_demo_example_10
[5.645s] -- Symlinking: /home/samuel/Desktop/ESDA-Asterius-Mk2-ROS2-Control/ros2_ws/install/ros2_control_demo_example_10/share/ament_index/resource_index/hardware_interface__pluginlib__plugin/ros2_control_demo_example_10
[5.654s] -- Symlinking: /home/samuel/Desktop/ESDA-Asterius-Mk2-ROS2-Control/ros2_ws/install/ros2_control_demo_example_10/share/ros2_control_demo_example_10/cmake/ament_cmake_export_targets-extras.cmake
[5.663s] -- Symlinking: /home/samuel/Desktop/ESDA-Asterius-Mk2-ROS2-Control/ros2_ws/install/ros2_control_demo_example_10/share/ros2_control_demo_example_10/cmake/ament_cmake_export_dependencies-extras.cmake
[5.671s] -- Symlinking: /home/samuel/Desktop/ESDA-Asterius-Mk2-ROS2-Control/ros2_ws/install/ros2_control_demo_example_10/share/ros2_control_demo_example_10/cmake/ros2_control_demo_example_10Config.cmake
[5.677s] -- Symlinking: /home/samuel/Desktop/ESDA-Asterius-Mk2-ROS2-Control/ros2_ws/install/ros2_control_demo_example_10/share/ros2_control_demo_example_10/cmake/ros2_control_demo_example_10Config-version.cmake
[5.684s] -- Symlinking: /home/samuel/Desktop/ESDA-Asterius-Mk2-ROS2-Control/ros2_ws/install/ros2_control_demo_example_10/share/ros2_control_demo_example_10/package.xml
[5.691s] -- Installing: /home/samuel/Desktop/ESDA-Asterius-Mk2-ROS2-Control/ros2_ws/install/ros2_control_demo_example_10/lib/libros2_control_demo_example_10.so
[5.692s] -- Set runtime path of "/home/samuel/Desktop/ESDA-Asterius-Mk2-ROS2-Control/ros2_ws/install/ros2_control_demo_example_10/lib/libros2_control_demo_example_10.so" to ""
[5.692s] -- Installing: /home/samuel/Desktop/ESDA-Asterius-Mk2-ROS2-Control/ros2_ws/install/ros2_control_demo_example_10/share/ros2_control_demo_example_10/cmake/export_ros2_control_demo_example_10Export.cmake
[5.692s] -- Installing: /home/samuel/Desktop/ESDA-Asterius-Mk2-ROS2-Control/ros2_ws/install/ros2_control_demo_example_10/share/ros2_control_demo_example_10/cmake/export_ros2_control_demo_example_10Export-noconfig.cmake
[5.694s] Invoked command in '/home/samuel/Desktop/ESDA-Asterius-Mk2-ROS2-Control/ros2_ws/build/ros2_control_demo_example_10' returned '0': CMAKE_PREFIX_PATH=${CMAKE_PREFIX_PATH}:/home/samuel/Desktop/ITS-Robot-Arm/ros2_ws/install/my_sphere_pkg:/home/samuel/Desktop/ITS-Robot-Arm/ros2_ws/install/my_environment_pkg:/home/samuel/Desktop/ITS-Robot-Arm/ros2_ws/install/my_doosan_pkg:/opt/ros/humble /usr/bin/cmake --install /home/samuel/Desktop/ESDA-Asterius-Mk2-ROS2-Control/ros2_ws/build/ros2_control_demo_example_10
